mode: atomic
go-rocketmq/examples/basic/consumer/main.go:14.13,20.2 3 0
go-rocketmq/examples/basic/consumer/main.go:23.26,46.16 6 0
go-rocketmq/examples/basic/consumer/main.go:46.16,48.3 1 0
go-rocketmq/examples/basic/consumer/main.go:49.2,52.41 2 0
go-rocketmq/examples/basic/consumer/main.go:52.41,54.3 1 0
go-rocketmq/examples/basic/consumer/main.go:55.2,61.44 4 0
go-rocketmq/examples/basic/consumer/main.go:65.29,91.16 8 0
go-rocketmq/examples/basic/consumer/main.go:91.16,93.3 1 0
go-rocketmq/examples/basic/consumer/main.go:96.2,96.42 1 0
go-rocketmq/examples/basic/consumer/main.go:96.42,98.3 1 0
go-rocketmq/examples/basic/consumer/main.go:99.2,112.49 8 0
go-rocketmq/examples/basic/consumer/main.go:118.98,119.27 1 0
go-rocketmq/examples/basic/consumer/main.go:119.27,128.3 4 0
go-rocketmq/examples/basic/consumer/main.go:130.2,130.30 1 0
go-rocketmq/examples/basic/consumer/main.go:140.25,144.6 3 0
go-rocketmq/examples/basic/consumer/main.go:144.6,145.10 1 0
go-rocketmq/examples/basic/consumer/main.go:146.19,147.101 1 0
go-rocketmq/examples/basic/consumer/main.go:155.93,156.27 1 0
go-rocketmq/examples/basic/consumer/main.go:156.27,168.30 6 0
go-rocketmq/examples/basic/consumer/main.go:168.30,170.43 2 0
go-rocketmq/examples/basic/consumer/main.go:170.43,172.5 1 0
go-rocketmq/examples/basic/consumer/main.go:173.4,173.17 1 0
go-rocketmq/examples/basic/consumer/main.go:175.3,178.36 2 0
go-rocketmq/examples/basic/consumer/main.go:181.2,181.30 1 0
go-rocketmq/examples/basic/consumer/main.go:187.94,188.27 1 0
go-rocketmq/examples/basic/consumer/main.go:188.27,197.3 6 0
go-rocketmq/examples/basic/consumer/main.go:199.2,199.30 1 0
go-rocketmq/examples/basic/consumer/main.go:203.49,210.2 2 0
go-rocketmq/examples/advanced/ordered/main.go:20.13,28.12 5 0
go-rocketmq/examples/advanced/ordered/main.go:28.12,31.3 2 0
go-rocketmq/examples/advanced/ordered/main.go:34.2,38.12 3 0
go-rocketmq/examples/advanced/ordered/main.go:38.12,41.3 2 0
go-rocketmq/examples/advanced/ordered/main.go:43.2,44.43 2 0
go-rocketmq/examples/advanced/ordered/main.go:48.29,57.16 5 0
go-rocketmq/examples/advanced/ordered/main.go:57.16,59.3 1 0
go-rocketmq/examples/advanced/ordered/main.go:61.2,61.41 1 0
go-rocketmq/examples/advanced/ordered/main.go:61.41,64.3 2 0
go-rocketmq/examples/advanced/ordered/main.go:65.2,72.33 4 0
go-rocketmq/examples/advanced/ordered/main.go:72.33,76.3 3 0
go-rocketmq/examples/advanced/ordered/main.go:78.2,79.29 2 0
go-rocketmq/examples/advanced/ordered/main.go:83.74,137.31 2 0
go-rocketmq/examples/advanced/ordered/main.go:137.31,143.17 3 0
go-rocketmq/examples/advanced/ordered/main.go:143.17,145.12 2 0
go-rocketmq/examples/advanced/ordered/main.go:148.3,152.37 2 0
go-rocketmq/examples/advanced/ordered/main.go:157.64,173.2 3 0
go-rocketmq/examples/advanced/ordered/main.go:176.53,179.31 3 0
go-rocketmq/examples/advanced/ordered/main.go:179.31,180.16 1 0
go-rocketmq/examples/advanced/ordered/main.go:180.16,182.4 1 0
go-rocketmq/examples/advanced/ordered/main.go:183.3,184.10 2 0
go-rocketmq/examples/advanced/ordered/main.go:186.2,187.15 2 0
go-rocketmq/examples/advanced/ordered/main.go:191.117,198.2 2 0
go-rocketmq/examples/advanced/ordered/main.go:201.29,225.16 6 0
go-rocketmq/examples/advanced/ordered/main.go:225.16,227.3 1 0
go-rocketmq/examples/advanced/ordered/main.go:230.2,231.16 2 0
go-rocketmq/examples/advanced/ordered/main.go:231.16,234.3 2 0
go-rocketmq/examples/advanced/ordered/main.go:236.2,236.41 1 0
go-rocketmq/examples/advanced/ordered/main.go:236.41,239.3 2 0
go-rocketmq/examples/advanced/ordered/main.go:240.2,246.53 4 0
go-rocketmq/examples/advanced/ordered/main.go:255.97,256.26 1 0
go-rocketmq/examples/advanced/ordered/main.go:256.26,258.3 1 0
go-rocketmq/examples/advanced/ordered/main.go:260.2,260.27 1 0
go-rocketmq/examples/advanced/ordered/main.go:260.27,274.36 10 0
go-rocketmq/examples/advanced/ordered/main.go:274.36,276.4 1 0
go-rocketmq/examples/advanced/ordered/main.go:277.3,290.37 6 0
go-rocketmq/examples/advanced/ordered/main.go:293.2,293.30 1 0
go-rocketmq/examples/advanced/ordered/main.go:297.80,309.83 4 0
go-rocketmq/examples/advanced/ordered/main.go:309.83,311.3 1 0
go-rocketmq/examples/advanced/ordered/main.go:311.8,314.3 1 0
go-rocketmq/examples/advanced/ordered/main.go:318.65,319.46 1 0
go-rocketmq/examples/advanced/ordered/main.go:319.46,321.3 1 0
go-rocketmq/examples/advanced/ordered/main.go:322.2,322.18 1 0
go-rocketmq/examples/advanced/ordered/main.go:326.103,327.19 1 0
go-rocketmq/examples/advanced/ordered/main.go:328.23,329.83 1 0
go-rocketmq/examples/advanced/ordered/main.go:332.26,333.83 1 0
go-rocketmq/examples/advanced/ordered/main.go:336.28,337.83 1 0
go-rocketmq/examples/advanced/ordered/main.go:340.23,341.83 1 0
go-rocketmq/examples/advanced/ordered/main.go:344.25,345.83 1 0
go-rocketmq/examples/advanced/ordered/main.go:348.10,349.75 1 0
go-rocketmq/examples/basic/simple-demo/main.go:12.13,20.12 5 0
go-rocketmq/examples/basic/simple-demo/main.go:20.12,23.3 2 0
go-rocketmq/examples/basic/simple-demo/main.go:26.2,30.12 3 0
go-rocketmq/examples/basic/simple-demo/main.go:30.12,33.3 2 0
go-rocketmq/examples/basic/simple-demo/main.go:36.2,37.37 2 0
go-rocketmq/examples/basic/simple-demo/main.go:41.30,52.41 6 0
go-rocketmq/examples/basic/simple-demo/main.go:52.41,55.3 2 0
go-rocketmq/examples/basic/simple-demo/main.go:56.2,63.59 4 0
go-rocketmq/examples/basic/simple-demo/main.go:67.58,70.25 2 0
go-rocketmq/examples/basic/simple-demo/main.go:70.25,78.17 3 0
go-rocketmq/examples/basic/simple-demo/main.go:78.17,80.12 2 0
go-rocketmq/examples/basic/simple-demo/main.go:83.3,84.37 2 0
go-rocketmq/examples/basic/simple-demo/main.go:88.2,90.27 3 0
go-rocketmq/examples/basic/simple-demo/main.go:90.27,98.17 3 0
go-rocketmq/examples/basic/simple-demo/main.go:98.17,100.12 2 0
go-rocketmq/examples/basic/simple-demo/main.go:103.3,104.37 2 0
go-rocketmq/examples/basic/simple-demo/main.go:108.2,109.25 2 0
go-rocketmq/examples/basic/simple-demo/main.go:109.25,117.17 3 0
go-rocketmq/examples/basic/simple-demo/main.go:117.17,119.12 2 0
go-rocketmq/examples/basic/simple-demo/main.go:122.3,124.37 2 0
go-rocketmq/examples/basic/simple-demo/main.go:128.2,129.25 2 0
go-rocketmq/examples/basic/simple-demo/main.go:129.25,136.77 2 0
go-rocketmq/examples/basic/simple-demo/main.go:136.77,137.18 1 0
go-rocketmq/examples/basic/simple-demo/main.go:137.18,140.5 2 0
go-rocketmq/examples/basic/simple-demo/main.go:141.4,141.82 1 0
go-rocketmq/examples/basic/simple-demo/main.go:144.3,144.17 1 0
go-rocketmq/examples/basic/simple-demo/main.go:144.17,146.4 1 0
go-rocketmq/examples/basic/simple-demo/main.go:148.3,148.37 1 0
go-rocketmq/examples/basic/simple-demo/main.go:152.2,152.29 1 0
go-rocketmq/examples/basic/simple-demo/main.go:156.30,185.16 9 0
go-rocketmq/examples/basic/simple-demo/main.go:185.16,188.3 2 0
go-rocketmq/examples/basic/simple-demo/main.go:190.2,190.41 1 0
go-rocketmq/examples/basic/simple-demo/main.go:190.41,193.3 2 0
go-rocketmq/examples/basic/simple-demo/main.go:194.2,200.47 4 0
go-rocketmq/examples/basic/simple-demo/main.go:206.102,207.27 1 0
go-rocketmq/examples/basic/simple-demo/main.go:207.27,219.30 10 0
go-rocketmq/examples/basic/simple-demo/main.go:219.30,221.43 2 0
go-rocketmq/examples/basic/simple-demo/main.go:221.43,223.5 1 0
go-rocketmq/examples/basic/simple-demo/main.go:224.4,224.17 1 0
go-rocketmq/examples/basic/simple-demo/main.go:228.3,228.19 1 0
go-rocketmq/examples/basic/simple-demo/main.go:229.16,230.54 1 0
go-rocketmq/examples/basic/simple-demo/main.go:231.18,232.54 1 0
go-rocketmq/examples/basic/simple-demo/main.go:233.23,234.54 1 0
go-rocketmq/examples/basic/simple-demo/main.go:235.11,236.54 1 0
go-rocketmq/examples/basic/simple-demo/main.go:240.3,241.80 2 0
go-rocketmq/examples/basic/simple-demo/main.go:244.2,244.30 1 0
go-rocketmq/examples/advanced_features_demo.go:14.129,20.2 3 0
go-rocketmq/examples/advanced_features_demo.go:22.116,26.2 2 0
go-rocketmq/examples/advanced_features_demo.go:31.97,32.27 1 0
go-rocketmq/examples/advanced_features_demo.go:32.27,35.3 1 0
go-rocketmq/examples/advanced_features_demo.go:36.2,36.30 1 0
go-rocketmq/examples/advanced_features_demo.go:42.133,43.19 1 0
go-rocketmq/examples/advanced_features_demo.go:43.19,45.3 1 0
go-rocketmq/examples/advanced_features_demo.go:47.2,47.27 1 0
go-rocketmq/examples/advanced_features_demo.go:47.27,50.3 2 0
go-rocketmq/examples/advanced_features_demo.go:52.2,52.15 1 0
go-rocketmq/examples/advanced_features_demo.go:55.31,57.22 2 0
go-rocketmq/examples/advanced_features_demo.go:57.22,59.3 1 0
go-rocketmq/examples/advanced_features_demo.go:60.2,60.14 1 0
go-rocketmq/examples/advanced_features_demo.go:60.14,62.3 1 0
go-rocketmq/examples/advanced_features_demo.go:63.2,63.13 1 0
go-rocketmq/examples/advanced_features_demo.go:66.13,94.2 10 0
go-rocketmq/examples/advanced_features_demo.go:96.27,105.16 5 0
go-rocketmq/examples/advanced_features_demo.go:105.16,108.3 2 0
go-rocketmq/examples/advanced_features_demo.go:109.2,117.16 6 0
go-rocketmq/examples/advanced_features_demo.go:117.16,120.3 2 0
go-rocketmq/examples/advanced_features_demo.go:122.2,122.95 1 0
go-rocketmq/examples/advanced_features_demo.go:125.31,134.16 5 0
go-rocketmq/examples/advanced_features_demo.go:134.16,137.3 2 0
go-rocketmq/examples/advanced_features_demo.go:138.2,145.16 5 0
go-rocketmq/examples/advanced_features_demo.go:145.16,148.3 2 0
go-rocketmq/examples/advanced_features_demo.go:150.2,150.106 1 0
go-rocketmq/examples/advanced_features_demo.go:153.27,162.16 5 0
go-rocketmq/examples/advanced_features_demo.go:162.16,165.3 2 0
go-rocketmq/examples/advanced_features_demo.go:166.2,169.25 2 0
go-rocketmq/examples/advanced_features_demo.go:169.25,175.17 5 0
go-rocketmq/examples/advanced_features_demo.go:175.17,177.12 2 0
go-rocketmq/examples/advanced_features_demo.go:180.3,180.108 1 0
go-rocketmq/examples/advanced_features_demo.go:184.25,193.16 5 0
go-rocketmq/examples/advanced_features_demo.go:193.16,196.3 2 0
go-rocketmq/examples/advanced_features_demo.go:197.2,204.16 5 0
go-rocketmq/examples/advanced_features_demo.go:204.16,207.3 2 0
go-rocketmq/examples/advanced_features_demo.go:209.2,217.16 6 0
go-rocketmq/examples/advanced_features_demo.go:217.16,220.3 2 0
go-rocketmq/examples/advanced_features_demo.go:222.2,222.108 1 0
go-rocketmq/examples/advanced_features_demo.go:225.25,234.16 5 0
go-rocketmq/examples/advanced_features_demo.go:234.16,237.3 2 0
go-rocketmq/examples/advanced_features_demo.go:238.2,242.25 3 0
go-rocketmq/examples/advanced_features_demo.go:242.25,246.3 3 0
go-rocketmq/examples/advanced_features_demo.go:249.2,250.16 2 0
go-rocketmq/examples/advanced_features_demo.go:250.16,253.3 2 0
go-rocketmq/examples/advanced_features_demo.go:255.2,255.98 1 0
go-rocketmq/examples/advanced_features_demo.go:258.25,270.16 8 0
go-rocketmq/examples/advanced_features_demo.go:270.16,273.3 2 0
go-rocketmq/examples/advanced_features_demo.go:275.2,280.39 4 0
go-rocketmq/examples/advanced_features_demo.go:283.25,292.16 5 0
go-rocketmq/examples/advanced_features_demo.go:292.16,295.3 2 0
go-rocketmq/examples/advanced_features_demo.go:296.2,307.16 4 0
go-rocketmq/examples/advanced_features_demo.go:307.16,310.3 2 0
go-rocketmq/examples/advanced_features_demo.go:312.2,313.42 2 0
go-rocketmq/examples/advanced_features_demo.go:313.42,315.3 1 0
go-rocketmq/examples/advanced_features_demo.go:318.27,328.16 6 0
go-rocketmq/examples/advanced_features_demo.go:328.16,331.3 2 0
go-rocketmq/examples/advanced_features_demo.go:332.2,336.16 3 0
go-rocketmq/examples/advanced_features_demo.go:336.16,339.3 2 0
go-rocketmq/examples/advanced_features_demo.go:341.2,342.31 2 0
go-rocketmq/examples/advanced_features_demo.go:342.31,347.17 3 0
go-rocketmq/examples/advanced_features_demo.go:347.17,349.4 1 0
go-rocketmq/examples/advanced_features_demo.go:349.9,351.4 1 0
go-rocketmq/examples/cluster/multi-broker/main.go:24.13,45.47 7 0
go-rocketmq/examples/cluster/multi-broker/main.go:45.47,47.3 1 0
go-rocketmq/examples/cluster/multi-broker/main.go:49.2,53.25 3 0
go-rocketmq/examples/cluster/multi-broker/main.go:53.25,55.30 2 0
go-rocketmq/examples/cluster/multi-broker/main.go:55.30,58.4 2 0
go-rocketmq/examples/cluster/multi-broker/main.go:62.2,66.25 3 0
go-rocketmq/examples/cluster/multi-broker/main.go:66.25,68.30 2 0
go-rocketmq/examples/cluster/multi-broker/main.go:68.30,71.4 2 0
go-rocketmq/examples/cluster/multi-broker/main.go:74.2,75.37 2 0
go-rocketmq/examples/cluster/multi-broker/main.go:79.69,87.41 5 0
go-rocketmq/examples/cluster/multi-broker/main.go:87.41,90.3 2 0
go-rocketmq/examples/cluster/multi-broker/main.go:91.2,98.37 4 0
go-rocketmq/examples/cluster/multi-broker/main.go:98.37,99.41 1 0
go-rocketmq/examples/cluster/multi-broker/main.go:99.41,108.18 3 0
go-rocketmq/examples/cluster/multi-broker/main.go:108.18,110.13 2 0
go-rocketmq/examples/cluster/multi-broker/main.go:113.4,116.38 2 0
go-rocketmq/examples/cluster/multi-broker/main.go:118.3,118.37 1 0
go-rocketmq/examples/cluster/multi-broker/main.go:121.2,122.29 2 0
go-rocketmq/examples/cluster/multi-broker/main.go:126.69,148.31 6 0
go-rocketmq/examples/cluster/multi-broker/main.go:148.31,153.17 2 0
go-rocketmq/examples/cluster/multi-broker/main.go:153.17,155.12 2 0
go-rocketmq/examples/cluster/multi-broker/main.go:157.3,157.77 1 0
go-rocketmq/examples/cluster/multi-broker/main.go:160.2,160.41 1 0
go-rocketmq/examples/cluster/multi-broker/main.go:160.41,163.3 2 0
go-rocketmq/examples/cluster/multi-broker/main.go:164.2,170.60 4 0
go-rocketmq/examples/cluster/multi-broker/main.go:181.97,185.27 3 0
go-rocketmq/examples/cluster/multi-broker/main.go:185.27,198.30 10 0
go-rocketmq/examples/cluster/multi-broker/main.go:198.30,200.43 2 0
go-rocketmq/examples/cluster/multi-broker/main.go:200.43,202.5 1 0
go-rocketmq/examples/cluster/multi-broker/main.go:203.4,203.17 1 0
go-rocketmq/examples/cluster/multi-broker/main.go:207.3,210.36 2 0
go-rocketmq/examples/cluster/multi-broker/main.go:213.2,213.30 1 0
go-rocketmq/examples/cluster/multi-broker/main.go:217.80,226.19 5 0
go-rocketmq/examples/cluster/multi-broker/main.go:227.23,228.75 1 0
go-rocketmq/examples/cluster/multi-broker/main.go:229.23,230.69 1 0
go-rocketmq/examples/cluster/multi-broker/main.go:231.23,232.69 1 0
go-rocketmq/examples/cluster/multi-broker/main.go:233.10,234.59 1 0
go-rocketmq/examples/cluster/multi-broker/main.go:238.2,238.109 1 0
go-rocketmq/examples/cluster/multi-broker/main.go:242.48,246.40 2 0
go-rocketmq/examples/cluster/multi-broker/main.go:246.40,250.3 2 0
go-rocketmq/examples/cluster/multi-broker/main.go:253.2,253.40 1 0
go-rocketmq/examples/cluster/multi-broker/main.go:253.40,258.3 3 0
go-rocketmq/examples/cluster/multi-broker/main.go:260.2,260.41 1 0
go-rocketmq/examples/basic/producer/main.go:11.13,21.2 4 0
go-rocketmq/examples/basic/producer/main.go:24.26,34.41 4 0
go-rocketmq/examples/basic/producer/main.go:34.41,36.3 1 0
go-rocketmq/examples/basic/producer/main.go:37.2,53.44 9 0
go-rocketmq/examples/basic/producer/main.go:57.29,68.41 6 0
go-rocketmq/examples/basic/producer/main.go:68.41,70.3 1 0
go-rocketmq/examples/basic/producer/main.go:71.2,87.35 9 0
go-rocketmq/examples/basic/producer/main.go:91.50,92.25 1 0
go-rocketmq/examples/basic/producer/main.go:92.25,101.17 3 0
go-rocketmq/examples/basic/producer/main.go:101.17,103.12 2 0
go-rocketmq/examples/basic/producer/main.go:106.3,110.37 2 0
go-rocketmq/examples/basic/producer/main.go:115.51,116.25 1 0
go-rocketmq/examples/basic/producer/main.go:116.25,124.77 2 0
go-rocketmq/examples/basic/producer/main.go:124.77,125.18 1 0
go-rocketmq/examples/basic/producer/main.go:125.18,128.5 2 0
go-rocketmq/examples/basic/producer/main.go:129.4,130.38 1 0
go-rocketmq/examples/basic/producer/main.go:133.3,133.17 1 0
go-rocketmq/examples/basic/producer/main.go:133.17,135.4 1 0
go-rocketmq/examples/basic/producer/main.go:137.3,137.36 1 0
go-rocketmq/examples/basic/producer/main.go:141.2,141.29 1 0
go-rocketmq/examples/basic/producer/main.go:145.52,146.25 1 0
go-rocketmq/examples/basic/producer/main.go:146.25,155.17 3 0
go-rocketmq/examples/basic/producer/main.go:155.17,157.12 2 0
go-rocketmq/examples/basic/producer/main.go:160.3,161.36 2 0
go-rocketmq/examples/basic/producer/main.go:166.52,169.27 2 0
go-rocketmq/examples/basic/producer/main.go:169.27,178.17 3 0
go-rocketmq/examples/basic/producer/main.go:178.17,180.12 2 0
go-rocketmq/examples/basic/producer/main.go:183.3,184.37 2 0
go-rocketmq/examples/basic/producer/main.go:189.51,190.25 1 0
go-rocketmq/examples/basic/producer/main.go:190.25,199.17 3 0
go-rocketmq/examples/basic/producer/main.go:199.17,201.12 2 0
go-rocketmq/examples/basic/producer/main.go:204.3,206.37 2 0
go-rocketmq/examples/basic/producer/main.go:211.51,214.25 2 0
go-rocketmq/examples/basic/producer/main.go:214.25,220.3 2 0
go-rocketmq/examples/basic/producer/main.go:223.2,223.31 1 0
go-rocketmq/examples/basic/producer/main.go:223.31,225.17 2 0
go-rocketmq/examples/basic/producer/main.go:225.17,227.12 2 0
go-rocketmq/examples/basic/producer/main.go:229.3,229.69 1 0
go-rocketmq/examples/basic/producer/main.go:231.2,231.73 1 0
go-rocketmq/examples/basic/producer/main.go:235.53,237.25 2 0
go-rocketmq/examples/basic/producer/main.go:237.25,246.17 3 0
go-rocketmq/examples/basic/producer/main.go:246.17,248.12 2 0
go-rocketmq/examples/basic/producer/main.go:251.3,253.37 2 0
go-rocketmq/examples/basic/producer/main.go:258.57,263.43 3 0
go-rocketmq/examples/basic/producer/main.go:263.43,266.3 2 0
go-rocketmq/examples/basic/producer/main.go:267.2,269.25 2 0
go-rocketmq/examples/basic/producer/main.go:269.25,278.17 3 0
go-rocketmq/examples/basic/producer/main.go:278.17,280.12 2 0
go-rocketmq/examples/basic/producer/main.go:283.3,285.37 2 0
go-rocketmq/examples/basic/producer/main.go:292.129,298.2 3 0
go-rocketmq/examples/basic/producer/main.go:300.113,305.2 2 0
go-rocketmq/cmd/nameserver/main.go:13.13,27.35 6 0
go-rocketmq/cmd/nameserver/main.go:27.35,29.3 1 0
go-rocketmq/cmd/nameserver/main.go:31.2,42.35 7 0
go-rocketmq/examples/advanced/transaction/main.go:24.13,34.16 6 0
go-rocketmq/examples/advanced/transaction/main.go:34.16,36.3 1 0
go-rocketmq/examples/advanced/transaction/main.go:38.2,38.41 1 0
go-rocketmq/examples/advanced/transaction/main.go:38.41,40.3 1 0
go-rocketmq/examples/advanced/transaction/main.go:41.2,57.49 9 0
go-rocketmq/examples/advanced/transaction/main.go:61.60,62.25 1 0
go-rocketmq/examples/advanced/transaction/main.go:62.25,89.17 7 0
go-rocketmq/examples/advanced/transaction/main.go:89.17,91.12 2 0
go-rocketmq/examples/advanced/transaction/main.go:94.3,95.30 2 0
go-rocketmq/examples/advanced/transaction/main.go:100.63,101.25 1 0
go-rocketmq/examples/advanced/transaction/main.go:101.25,128.17 7 0
go-rocketmq/examples/advanced/transaction/main.go:128.17,130.12 2 0
go-rocketmq/examples/advanced/transaction/main.go:133.3,134.30 2 0
go-rocketmq/examples/advanced/transaction/main.go:139.64,142.35 2 0
go-rocketmq/examples/advanced/transaction/main.go:142.35,168.17 6 0
go-rocketmq/examples/advanced/transaction/main.go:168.17,170.12 2 0
go-rocketmq/examples/advanced/transaction/main.go:173.3,174.30 2 0
go-rocketmq/examples/advanced/transaction/main.go:192.68,208.26 4 0
go-rocketmq/examples/advanced/transaction/main.go:208.26,210.3 1 0
go-rocketmq/examples/advanced/transaction/main.go:212.2,213.12 2 0
go-rocketmq/examples/advanced/transaction/main.go:216.65,218.13 2 0
go-rocketmq/examples/advanced/transaction/main.go:218.13,220.3 1 0
go-rocketmq/examples/advanced/transaction/main.go:221.2,221.34 1 0
go-rocketmq/examples/advanced/transaction/main.go:224.62,226.2 1 0
go-rocketmq/examples/advanced/transaction/main.go:235.70,242.27 3 0
go-rocketmq/examples/advanced/transaction/main.go:242.27,244.3 1 0
go-rocketmq/examples/advanced/transaction/main.go:246.2,247.12 2 0
go-rocketmq/examples/advanced/transaction/main.go:250.67,253.2 1 0
go-rocketmq/examples/advanced/transaction/main.go:255.64,257.2 1 0
go-rocketmq/examples/advanced/transaction/main.go:266.72,273.26 3 0
go-rocketmq/examples/advanced/transaction/main.go:273.26,275.3 1 0
go-rocketmq/examples/advanced/transaction/main.go:277.2,278.12 2 0
go-rocketmq/examples/advanced/transaction/main.go:281.69,284.2 1 0
go-rocketmq/examples/advanced/transaction/main.go:286.66,288.2 1 0
go-rocketmq/examples/advanced/transaction/main.go:291.135,299.16 5 0
go-rocketmq/examples/advanced/transaction/main.go:299.16,301.3 1 0
go-rocketmq/examples/advanced/transaction/main.go:303.2,307.16 3 0
go-rocketmq/examples/advanced/transaction/main.go:307.16,311.3 2 0
go-rocketmq/examples/advanced/transaction/main.go:314.2,317.20 2 0
go-rocketmq/examples/integration/full-stack/main.go:49.133,56.2 3 0
go-rocketmq/examples/integration/full-stack/main.go:58.117,65.2 3 0
go-rocketmq/examples/integration/full-stack/main.go:67.98,71.27 3 0
go-rocketmq/examples/integration/full-stack/main.go:71.27,76.68 3 0
go-rocketmq/examples/integration/full-stack/main.go:76.68,77.78 1 0
go-rocketmq/examples/integration/full-stack/main.go:77.78,80.5 2 0
go-rocketmq/examples/integration/full-stack/main.go:83.3,83.95 1 0
go-rocketmq/examples/integration/full-stack/main.go:86.2,86.30 1 0
go-rocketmq/examples/integration/full-stack/main.go:89.58,93.2 3 0
go-rocketmq/examples/integration/full-stack/main.go:95.69,99.27 3 0
go-rocketmq/examples/integration/full-stack/main.go:99.27,101.3 1 0
go-rocketmq/examples/integration/full-stack/main.go:103.2,104.38 2 0
go-rocketmq/examples/integration/full-stack/main.go:104.38,106.3 1 0
go-rocketmq/examples/integration/full-stack/main.go:107.2,107.48 1 0
go-rocketmq/examples/integration/full-stack/main.go:110.13,132.16 6 0
go-rocketmq/examples/integration/full-stack/main.go:132.16,134.3 1 0
go-rocketmq/examples/integration/full-stack/main.go:137.2,137.25 1 0
go-rocketmq/examples/integration/full-stack/main.go:141.53,153.2 11 0
go-rocketmq/examples/integration/full-stack/main.go:156.77,165.16 5 0
go-rocketmq/examples/integration/full-stack/main.go:165.16,167.3 1 0
go-rocketmq/examples/integration/full-stack/main.go:168.2,178.16 7 0
go-rocketmq/examples/integration/full-stack/main.go:178.16,180.3 1 0
go-rocketmq/examples/integration/full-stack/main.go:181.2,190.67 6 0
go-rocketmq/examples/integration/full-stack/main.go:190.67,192.3 1 0
go-rocketmq/examples/integration/full-stack/main.go:193.2,202.16 5 0
go-rocketmq/examples/integration/full-stack/main.go:202.16,204.3 1 0
go-rocketmq/examples/integration/full-stack/main.go:205.2,214.16 6 0
go-rocketmq/examples/integration/full-stack/main.go:214.16,216.3 1 0
go-rocketmq/examples/integration/full-stack/main.go:217.2,244.78 18 0
go-rocketmq/examples/integration/full-stack/main.go:244.78,247.3 2 0
go-rocketmq/examples/integration/full-stack/main.go:247.8,249.3 1 0
go-rocketmq/examples/integration/full-stack/main.go:251.2,251.20 1 0
go-rocketmq/examples/integration/full-stack/main.go:255.64,261.35 3 0
go-rocketmq/examples/integration/full-stack/main.go:261.35,263.3 1 0
go-rocketmq/examples/integration/full-stack/main.go:265.2,265.16 1 0
go-rocketmq/examples/integration/full-stack/main.go:269.75,277.35 3 0
go-rocketmq/examples/integration/full-stack/main.go:277.35,279.3 1 0
go-rocketmq/examples/integration/full-stack/main.go:281.2,281.16 1 0
go-rocketmq/examples/integration/full-stack/main.go:285.62,290.2 2 0
go-rocketmq/examples/integration/full-stack/main.go:293.146,296.29 2 0
go-rocketmq/examples/integration/full-stack/main.go:297.14,302.33 3 0
go-rocketmq/examples/integration/full-stack/main.go:303.15,304.86 1 0
go-rocketmq/examples/integration/full-stack/main.go:305.15,306.83 1 0
go-rocketmq/examples/integration/full-stack/main.go:307.11,308.74 1 0
go-rocketmq/examples/integration/full-stack/main.go:312.3,312.25 1 0
go-rocketmq/examples/integration/full-stack/main.go:312.25,314.18 2 0
go-rocketmq/examples/integration/full-stack/main.go:314.18,316.5 1 0
go-rocketmq/examples/integration/full-stack/main.go:320.3,321.35 2 0
go-rocketmq/examples/integration/full-stack/main.go:323.14,328.25 3 0
go-rocketmq/examples/integration/full-stack/main.go:328.25,330.18 2 0
go-rocketmq/examples/integration/full-stack/main.go:330.18,332.5 1 0
go-rocketmq/examples/integration/full-stack/main.go:335.3,335.35 1 0
go-rocketmq/examples/integration/full-stack/main.go:337.16,342.25 3 0
go-rocketmq/examples/integration/full-stack/main.go:342.25,344.18 2 0
go-rocketmq/examples/integration/full-stack/main.go:344.18,346.5 1 0
go-rocketmq/examples/integration/full-stack/main.go:349.3,349.37 1 0
go-rocketmq/examples/integration/full-stack/main.go:351.10,360.48 2 0
go-rocketmq/examples/integration/full-stack/main.go:364.2,364.35 1 0
go-rocketmq/examples/integration/full-stack/main.go:364.35,366.3 1 0
go-rocketmq/examples/integration/full-stack/main.go:368.2,368.41 1 0
go-rocketmq/examples/integration/full-stack/main.go:368.41,370.3 1 0
go-rocketmq/examples/integration/full-stack/main.go:372.2,372.22 1 0
go-rocketmq/examples/integration/full-stack/main.go:376.100,379.30 2 0
go-rocketmq/examples/integration/full-stack/main.go:379.30,386.25 4 0
go-rocketmq/examples/integration/full-stack/main.go:386.25,388.4 1 0
go-rocketmq/examples/integration/full-stack/main.go:390.3,390.44 1 0
go-rocketmq/examples/integration/full-stack/main.go:390.44,392.4 1 0
go-rocketmq/examples/integration/full-stack/main.go:395.3,395.33 1 0
go-rocketmq/examples/integration/full-stack/main.go:396.8,402.25 3 0
go-rocketmq/examples/integration/full-stack/main.go:402.25,404.4 1 0
go-rocketmq/examples/integration/full-stack/main.go:406.3,406.42 1 0
go-rocketmq/examples/integration/full-stack/main.go:406.42,408.4 1 0
go-rocketmq/examples/integration/full-stack/main.go:411.2,411.22 1 0
go-rocketmq/examples/integration/full-stack/main.go:415.141,424.36 6 0
go-rocketmq/examples/integration/full-stack/main.go:424.36,426.22 2 0
go-rocketmq/examples/integration/full-stack/main.go:426.22,429.17 3 0
go-rocketmq/examples/integration/full-stack/main.go:429.17,429.26 1 0
go-rocketmq/examples/integration/full-stack/main.go:432.4,439.48 3 0
go-rocketmq/examples/integration/full-stack/main.go:439.48,449.5 2 0
go-rocketmq/examples/integration/full-stack/main.go:449.10,449.76 1 0
go-rocketmq/examples/integration/full-stack/main.go:449.76,452.55 2 0
go-rocketmq/examples/integration/full-stack/main.go:452.55,458.6 2 0
go-rocketmq/examples/integration/full-stack/main.go:459.5,459.51 1 0
go-rocketmq/examples/integration/full-stack/main.go:460.10,462.5 1 0
go-rocketmq/examples/integration/full-stack/main.go:464.4,465.18 2 0
go-rocketmq/examples/integration/full-stack/main.go:465.18,467.5 1 0
go-rocketmq/examples/integration/full-stack/main.go:467.10,469.27 2 0
go-rocketmq/examples/integration/full-stack/main.go:469.27,471.6 1 0
go-rocketmq/examples/integration/full-stack/main.go:473.4,473.15 1 0
go-rocketmq/examples/integration/full-stack/main.go:477.2,478.26 2 0
go-rocketmq/examples/integration/full-stack/main.go:482.102,487.6 4 0
go-rocketmq/examples/integration/full-stack/main.go:487.6,488.10 1 0
go-rocketmq/examples/integration/full-stack/main.go:489.19,493.33 3 0
go-rocketmq/examples/integration/full-stack/main.go:493.33,496.5 2 0
go-rocketmq/examples/integration/full-stack/main.go:498.4,498.39 1 0
go-rocketmq/examples/integration/full-stack/main.go:498.39,501.5 2 0
go-rocketmq/examples/integration/full-stack/main.go:507.89,509.31 2 0
go-rocketmq/examples/integration/full-stack/main.go:509.31,511.3 1 0
go-rocketmq/examples/integration/full-stack/main.go:516.2,516.12 1 0
go-rocketmq/examples/integration/full-stack/main.go:520.42,528.28 7 0
go-rocketmq/examples/integration/full-stack/main.go:528.28,531.37 3 0
go-rocketmq/examples/integration/full-stack/main.go:531.37,532.13 1 0
go-rocketmq/examples/integration/full-stack/main.go:532.13,534.5 1 0
go-rocketmq/examples/integration/full-stack/main.go:536.3,536.29 1 0
go-rocketmq/examples/integration/full-stack/main.go:536.29,538.4 1 0
go-rocketmq/examples/integration/full-stack/main.go:542.2,543.32 2 0
go-rocketmq/examples/integration/full-stack/main.go:543.32,545.3 1 0
go-rocketmq/examples/integration/full-stack/main.go:545.8,545.39 1 0
go-rocketmq/examples/integration/full-stack/main.go:545.39,547.3 1 0
go-rocketmq/examples/integration/full-stack/main.go:547.8,547.39 1 0
go-rocketmq/examples/integration/full-stack/main.go:547.39,549.3 1 0
go-rocketmq/examples/integration/full-stack/main.go:549.8,551.3 1 0
go-rocketmq/examples/integration/full-stack/main.go:553.2,553.45 1 0
go-rocketmq/examples/integration/full-stack/main.go:553.45,555.3 1 0
go-rocketmq/examples/integration/full-stack/main.go:555.8,555.52 1 0
go-rocketmq/examples/integration/full-stack/main.go:555.52,557.3 1 0
go-rocketmq/examples/integration/full-stack/main.go:557.8,559.3 1 0
go-rocketmq/examples/integration/full-stack/main.go:561.2,561.30 1 0
go-rocketmq/examples/integration/full-stack/main.go:561.30,563.3 1 0
go-rocketmq/examples/integration/full-stack/main.go:563.8,563.36 1 0
go-rocketmq/examples/integration/full-stack/main.go:563.36,565.3 1 0
go-rocketmq/examples/integration/full-stack/main.go:565.8,567.3 1 0
go-rocketmq/examples/integration/full-stack/main.go:569.2,569.45 1 0
go-rocketmq/cmd/broker/main.go:14.13,42.34 5 0
go-rocketmq/cmd/broker/main.go:42.34,44.3 1 0
go-rocketmq/cmd/broker/main.go:47.2,63.33 11 0
go-rocketmq/cmd/broker/main.go:63.33,65.3 1 0
go-rocketmq/cmd/broker/main.go:67.2,67.31 1 0
go-rocketmq/examples/performance/benchmark/main.go:45.13,69.2 5 0
go-rocketmq/examples/performance/benchmark/main.go:72.52,87.2 14 0
go-rocketmq/examples/performance/benchmark/main.go:90.44,98.12 4 0
go-rocketmq/examples/performance/benchmark/main.go:98.12,101.3 2 0
go-rocketmq/examples/performance/benchmark/main.go:104.2,105.44 2 0
go-rocketmq/examples/performance/benchmark/main.go:105.44,107.30 2 0
go-rocketmq/examples/performance/benchmark/main.go:107.30,110.4 2 0
go-rocketmq/examples/performance/benchmark/main.go:114.2,128.44 7 0
go-rocketmq/examples/performance/benchmark/main.go:128.44,130.30 2 0
go-rocketmq/examples/performance/benchmark/main.go:130.30,133.4 2 0
go-rocketmq/examples/performance/benchmark/main.go:137.2,144.54 4 0
go-rocketmq/examples/performance/benchmark/main.go:148.43,152.41 3 0
go-rocketmq/examples/performance/benchmark/main.go:152.41,155.3 2 0
go-rocketmq/examples/performance/benchmark/main.go:156.2,160.35 3 0
go-rocketmq/examples/performance/benchmark/main.go:160.35,164.3 3 0
go-rocketmq/examples/performance/benchmark/main.go:166.2,166.68 1 0
go-rocketmq/examples/performance/benchmark/main.go:170.19,180.2 8 0
go-rocketmq/examples/performance/benchmark/main.go:183.73,192.24 5 0
go-rocketmq/examples/performance/benchmark/main.go:192.24,194.17 2 0
go-rocketmq/examples/performance/benchmark/main.go:194.17,196.4 1 0
go-rocketmq/examples/performance/benchmark/main.go:199.2,199.41 1 0
go-rocketmq/examples/performance/benchmark/main.go:199.41,203.3 3 0
go-rocketmq/examples/performance/benchmark/main.go:204.2,209.43 3 0
go-rocketmq/examples/performance/benchmark/main.go:209.43,216.17 5 0
go-rocketmq/examples/performance/benchmark/main.go:216.17,219.12 3 0
go-rocketmq/examples/performance/benchmark/main.go:223.3,227.38 3 0
go-rocketmq/examples/performance/benchmark/main.go:227.38,229.4 1 0
go-rocketmq/examples/performance/benchmark/main.go:232.3,232.17 1 0
go-rocketmq/examples/performance/benchmark/main.go:232.17,234.4 1 0
go-rocketmq/examples/performance/benchmark/main.go:237.2,237.106 1 0
go-rocketmq/examples/performance/benchmark/main.go:241.73,247.29 4 0
go-rocketmq/examples/performance/benchmark/main.go:248.14,253.33 3 0
go-rocketmq/examples/performance/benchmark/main.go:254.15,255.86 1 0
go-rocketmq/examples/performance/benchmark/main.go:256.15,257.83 1 0
go-rocketmq/examples/performance/benchmark/main.go:258.11,259.74 1 0
go-rocketmq/examples/performance/benchmark/main.go:263.3,263.25 1 0
go-rocketmq/examples/performance/benchmark/main.go:263.25,265.18 2 0
go-rocketmq/examples/performance/benchmark/main.go:265.18,267.5 1 0
go-rocketmq/examples/performance/benchmark/main.go:270.3,270.35 1 0
go-rocketmq/examples/performance/benchmark/main.go:271.14,276.25 3 0
go-rocketmq/examples/performance/benchmark/main.go:276.25,278.18 2 0
go-rocketmq/examples/performance/benchmark/main.go:278.18,280.5 1 0
go-rocketmq/examples/performance/benchmark/main.go:283.3,283.35 1 0
go-rocketmq/examples/performance/benchmark/main.go:284.16,289.25 3 0
go-rocketmq/examples/performance/benchmark/main.go:289.25,291.18 2 0
go-rocketmq/examples/performance/benchmark/main.go:291.18,293.5 1 0
go-rocketmq/examples/performance/benchmark/main.go:296.3,296.37 1 0
go-rocketmq/examples/performance/benchmark/main.go:297.10,310.48 2 0
go-rocketmq/examples/performance/benchmark/main.go:314.2,317.16 2 0
go-rocketmq/examples/performance/benchmark/main.go:317.16,321.3 3 0
go-rocketmq/examples/performance/benchmark/main.go:323.2,323.41 1 0
go-rocketmq/examples/performance/benchmark/main.go:323.41,327.3 3 0
go-rocketmq/examples/performance/benchmark/main.go:328.2,334.54 4 0
go-rocketmq/examples/performance/benchmark/main.go:338.96,345.56 4 0
go-rocketmq/examples/performance/benchmark/main.go:345.56,347.3 1 0
go-rocketmq/examples/performance/benchmark/main.go:349.2,354.12 2 0
go-rocketmq/examples/performance/benchmark/main.go:363.99,364.27 1 0
go-rocketmq/examples/performance/benchmark/main.go:364.27,371.71 4 0
go-rocketmq/examples/performance/benchmark/main.go:371.72,373.4 0 0
go-rocketmq/examples/performance/benchmark/main.go:379.2,379.30 1 0
go-rocketmq/examples/performance/benchmark/main.go:383.55,391.6 6 0
go-rocketmq/examples/performance/benchmark/main.go:391.6,392.10 1 0
go-rocketmq/examples/performance/benchmark/main.go:393.19,415.26 19 0
go-rocketmq/examples/performance/benchmark/main.go:421.79,452.21 27 0
go-rocketmq/examples/performance/benchmark/main.go:452.21,454.3 1 0
go-rocketmq/examples/performance/benchmark/main.go:454.8,454.27 1 0
go-rocketmq/examples/performance/benchmark/main.go:454.27,456.3 1 0
go-rocketmq/examples/performance/benchmark/main.go:456.8,458.3 1 0
go-rocketmq/examples/performance/benchmark/main.go:460.2,460.24 1 0
go-rocketmq/examples/performance/benchmark/main.go:460.24,462.3 1 0
go-rocketmq/examples/performance/benchmark/main.go:462.8,462.30 1 0
go-rocketmq/examples/performance/benchmark/main.go:462.30,464.3 1 0
go-rocketmq/examples/performance/benchmark/main.go:464.8,466.3 1 0
go-rocketmq/examples/performance/benchmark/main.go:468.2,468.26 1 0
go-rocketmq/examples/performance/benchmark/main.go:468.26,470.3 1 0
go-rocketmq/examples/performance/benchmark/main.go:470.8,470.68 1 0
go-rocketmq/examples/performance/benchmark/main.go:470.68,472.3 1 0
go-rocketmq/examples/performance/benchmark/main.go:472.8,474.3 1 0
go-rocketmq/examples/performance/benchmark/main.go:476.2,476.37 1 0
go-rocketmq/examples/performance/optimized/main.go:11.13,28.2 6 0
go-rocketmq/examples/performance/optimized/main.go:31.34,50.2 12 0
go-rocketmq/examples/performance/optimized/main.go:53.29,60.28 4 0
go-rocketmq/examples/performance/optimized/main.go:60.28,62.22 2 0
go-rocketmq/examples/performance/optimized/main.go:62.22,75.4 7 0
go-rocketmq/examples/performance/optimized/main.go:78.2,80.108 3 0
go-rocketmq/examples/performance/optimized/main.go:84.29,92.27 4 0
go-rocketmq/examples/performance/optimized/main.go:92.27,106.3 7 0
go-rocketmq/examples/performance/optimized/main.go:108.2,111.54 4 0
go-rocketmq/examples/performance/optimized/main.go:115.34,123.66 2 0
go-rocketmq/examples/performance/optimized/main.go:123.66,128.3 3 0
go-rocketmq/examples/performance/optimized/main.go:131.2,136.27 4 0
go-rocketmq/examples/performance/optimized/main.go:136.27,138.3 1 0
go-rocketmq/examples/performance/optimized/main.go:141.2,143.66 3 0
go-rocketmq/examples/performance/optimized/main.go:147.31,152.23 3 0
go-rocketmq/examples/performance/optimized/main.go:152.23,162.3 8 0
go-rocketmq/examples/performance/optimized/main.go:165.2,166.20 2 0
go-rocketmq/examples/performance/optimized/main.go:166.20,173.3 6 0
go-rocketmq/examples/performance/optimized/main.go:175.2,175.51 1 0
go-rocketmq/examples/standalone/producer/main.go:11.13,21.41 4 0
go-rocketmq/examples/standalone/producer/main.go:21.41,23.3 1 0
go-rocketmq/examples/standalone/producer/main.go:24.2,37.41 6 0
go-rocketmq/examples/standalone/producer/main.go:41.50,44.25 2 0
go-rocketmq/examples/standalone/producer/main.go:44.25,51.17 3 0
go-rocketmq/examples/standalone/producer/main.go:51.17,53.12 2 0
go-rocketmq/examples/standalone/producer/main.go:56.3,57.37 2 0
go-rocketmq/examples/standalone/producer/main.go:62.51,65.25 2 0
go-rocketmq/examples/standalone/producer/main.go:65.25,71.77 2 0
go-rocketmq/examples/standalone/producer/main.go:71.77,72.18 1 0
go-rocketmq/examples/standalone/producer/main.go:72.18,75.5 2 0
go-rocketmq/examples/standalone/producer/main.go:76.4,76.109 1 0
go-rocketmq/examples/standalone/producer/main.go:79.3,79.17 1 0
go-rocketmq/examples/standalone/producer/main.go:79.17,81.4 1 0
go-rocketmq/examples/standalone/producer/main.go:85.2,85.29 1 0
go-rocketmq/examples/standalone/producer/main.go:89.52,92.25 2 0
go-rocketmq/examples/standalone/producer/main.go:92.25,99.17 3 0
go-rocketmq/examples/standalone/producer/main.go:99.17,101.12 2 0
go-rocketmq/examples/standalone/producer/main.go:104.3,105.37 2 0
go-rocketmq/examples/tools/admin/main.go:27.13,31.22 3 0
go-rocketmq/examples/tools/admin/main.go:31.22,34.3 2 0
go-rocketmq/examples/tools/admin/main.go:37.2,48.17 4 0
go-rocketmq/examples/tools/admin/main.go:49.17,50.42 1 0
go-rocketmq/examples/tools/admin/main.go:51.15,52.40 1 0
go-rocketmq/examples/tools/admin/main.go:53.18,54.43 1 0
go-rocketmq/examples/tools/admin/main.go:55.17,56.42 1 0
go-rocketmq/examples/tools/admin/main.go:57.17,58.42 1 0
go-rocketmq/examples/tools/admin/main.go:59.14,60.39 1 0
go-rocketmq/examples/tools/admin/main.go:61.10,63.15 2 0
go-rocketmq/examples/tools/admin/main.go:68.19,100.2 31 0
go-rocketmq/examples/tools/admin/main.go:103.62,104.20 1 0
go-rocketmq/examples/tools/admin/main.go:104.20,107.3 2 0
go-rocketmq/examples/tools/admin/main.go:109.2,109.17 1 0
go-rocketmq/examples/tools/admin/main.go:110.14,111.25 1 0
go-rocketmq/examples/tools/admin/main.go:112.16,113.27 1 0
go-rocketmq/examples/tools/admin/main.go:114.17,115.21 1 0
go-rocketmq/examples/tools/admin/main.go:116.10,117.53 1 0
go-rocketmq/examples/tools/admin/main.go:122.60,123.20 1 0
go-rocketmq/examples/tools/admin/main.go:123.20,126.3 2 0
go-rocketmq/examples/tools/admin/main.go:128.2,128.17 1 0
go-rocketmq/examples/tools/admin/main.go:129.14,130.20 1 0
go-rocketmq/examples/tools/admin/main.go:131.16,132.20 1 0
go-rocketmq/examples/tools/admin/main.go:132.20,135.4 2 0
go-rocketmq/examples/tools/admin/main.go:136.3,137.21 2 0
go-rocketmq/examples/tools/admin/main.go:137.21,138.51 1 0
go-rocketmq/examples/tools/admin/main.go:138.51,140.5 1 0
go-rocketmq/examples/tools/admin/main.go:142.3,142.38 1 0
go-rocketmq/examples/tools/admin/main.go:143.16,144.20 1 0
go-rocketmq/examples/tools/admin/main.go:144.20,147.4 2 0
go-rocketmq/examples/tools/admin/main.go:148.3,148.30 1 0
go-rocketmq/examples/tools/admin/main.go:149.14,150.20 1 0
go-rocketmq/examples/tools/admin/main.go:150.20,153.4 2 0
go-rocketmq/examples/tools/admin/main.go:154.3,154.32 1 0
go-rocketmq/examples/tools/admin/main.go:155.10,156.52 1 0
go-rocketmq/examples/tools/admin/main.go:161.63,162.20 1 0
go-rocketmq/examples/tools/admin/main.go:162.20,165.3 2 0
go-rocketmq/examples/tools/admin/main.go:167.2,167.17 1 0
go-rocketmq/examples/tools/admin/main.go:168.14,169.28 1 0
go-rocketmq/examples/tools/admin/main.go:170.18,171.20 1 0
go-rocketmq/examples/tools/admin/main.go:171.20,174.4 2 0
go-rocketmq/examples/tools/admin/main.go:175.3,175.39 1 0
go-rocketmq/examples/tools/admin/main.go:176.15,177.20 1 0
go-rocketmq/examples/tools/admin/main.go:177.20,180.4 2 0
go-rocketmq/examples/tools/admin/main.go:181.3,181.47 1 0
go-rocketmq/examples/tools/admin/main.go:182.10,183.56 1 0
go-rocketmq/examples/tools/admin/main.go:188.62,189.20 1 0
go-rocketmq/examples/tools/admin/main.go:189.20,192.3 2 0
go-rocketmq/examples/tools/admin/main.go:194.2,194.17 1 0
go-rocketmq/examples/tools/admin/main.go:195.14,196.20 1 0
go-rocketmq/examples/tools/admin/main.go:196.20,199.4 2 0
go-rocketmq/examples/tools/admin/main.go:200.3,200.63 1 0
go-rocketmq/examples/tools/admin/main.go:201.15,202.20 1 0
go-rocketmq/examples/tools/admin/main.go:202.20,205.4 2 0
go-rocketmq/examples/tools/admin/main.go:206.3,206.31 1 0
go-rocketmq/examples/tools/admin/main.go:207.15,208.20 1 0
go-rocketmq/examples/tools/admin/main.go:208.20,211.4 2 0
go-rocketmq/examples/tools/admin/main.go:212.3,212.31 1 0
go-rocketmq/examples/tools/admin/main.go:213.10,214.53 1 0
go-rocketmq/examples/tools/admin/main.go:219.62,220.20 1 0
go-rocketmq/examples/tools/admin/main.go:220.20,223.3 2 0
go-rocketmq/examples/tools/admin/main.go:225.2,225.17 1 0
go-rocketmq/examples/tools/admin/main.go:226.15,227.19 1 0
go-rocketmq/examples/tools/admin/main.go:228.16,229.21 1 0
go-rocketmq/examples/tools/admin/main.go:230.15,231.20 1 0
go-rocketmq/examples/tools/admin/main.go:232.10,233.53 1 0
go-rocketmq/examples/tools/admin/main.go:238.59,239.20 1 0
go-rocketmq/examples/tools/admin/main.go:239.20,242.3 2 0
go-rocketmq/examples/tools/admin/main.go:244.2,244.17 1 0
go-rocketmq/examples/tools/admin/main.go:245.22,246.26 1 0
go-rocketmq/examples/tools/admin/main.go:247.21,248.25 1 0
go-rocketmq/examples/tools/admin/main.go:249.10,250.53 1 0
go-rocketmq/examples/tools/admin/main.go:255.42,264.2 6 0
go-rocketmq/examples/tools/admin/main.go:267.44,278.2 8 0
go-rocketmq/examples/tools/admin/main.go:281.38,292.2 8 0
go-rocketmq/examples/tools/admin/main.go:295.37,306.2 8 0
go-rocketmq/examples/tools/admin/main.go:309.68,320.2 7 0
go-rocketmq/examples/tools/admin/main.go:323.56,334.2 7 0
go-rocketmq/examples/tools/admin/main.go:337.58,356.2 16 0
go-rocketmq/examples/tools/admin/main.go:359.45,369.2 7 0
go-rocketmq/examples/tools/admin/main.go:372.65,385.2 10 0
go-rocketmq/examples/tools/admin/main.go:388.75,400.2 8 0
go-rocketmq/examples/tools/admin/main.go:403.69,412.41 6 0
go-rocketmq/examples/tools/admin/main.go:412.41,415.3 2 0
go-rocketmq/examples/tools/admin/main.go:416.2,426.16 4 0
go-rocketmq/examples/tools/admin/main.go:426.16,429.3 2 0
go-rocketmq/examples/tools/admin/main.go:431.2,434.54 4 0
go-rocketmq/examples/tools/admin/main.go:438.53,456.2 15 0
go-rocketmq/examples/tools/admin/main.go:459.53,476.2 14 0
go-rocketmq/examples/tools/admin/main.go:479.36,498.2 16 0
go-rocketmq/examples/tools/admin/main.go:501.38,518.2 12 0
go-rocketmq/examples/tools/admin/main.go:521.37,528.26 5 0
go-rocketmq/examples/tools/admin/main.go:528.26,529.10 1 0
go-rocketmq/examples/tools/admin/main.go:530.19,536.65 6 0
go-rocketmq/examples/tools/admin/main.go:540.2,540.31 1 0
go-rocketmq/examples/tools/admin/main.go:544.43,553.41 6 0
go-rocketmq/examples/tools/admin/main.go:553.41,555.3 1 0
go-rocketmq/examples/tools/admin/main.go:555.8,558.3 2 0
go-rocketmq/examples/tools/admin/main.go:561.2,568.41 4 0
go-rocketmq/examples/tools/admin/main.go:568.41,570.3 1 0
go-rocketmq/examples/tools/admin/main.go:570.8,573.3 2 0
go-rocketmq/examples/tools/admin/main.go:575.2,575.37 1 0
go-rocketmq/examples/tools/admin/main.go:579.42,587.41 5 0
go-rocketmq/examples/tools/admin/main.go:587.41,590.3 2 0
go-rocketmq/examples/tools/admin/main.go:591.2,598.36 5 0
go-rocketmq/examples/tools/admin/main.go:598.36,605.17 3 0
go-rocketmq/examples/tools/admin/main.go:605.17,607.4 1 0
go-rocketmq/examples/tools/admin/main.go:610.2,619.16 8 0
go-rocketmq/examples/tools/admin/main.go:619.16,621.3 1 0
go-rocketmq/examples/tools/admin/main.go:621.8,621.22 1 0
go-rocketmq/examples/tools/admin/main.go:621.22,623.3 1 0
go-rocketmq/examples/tools/admin/main.go:623.8,625.3 1 0
go-rocketmq/pkg/ha/replication.go:97.78,98.19 1 0
go-rocketmq/pkg/ha/replication.go:98.19,100.3 1 0
go-rocketmq/pkg/ha/replication.go:102.2,107.3 1 0
go-rocketmq/pkg/ha/replication.go:111.36,112.52 1 0
go-rocketmq/pkg/ha/replication.go:112.52,114.3 1 0
go-rocketmq/pkg/ha/replication.go:116.2,118.30 2 0
go-rocketmq/pkg/ha/replication.go:119.33,120.26 1 0
go-rocketmq/pkg/ha/replication.go:121.13,122.25 1 0
go-rocketmq/pkg/ha/replication.go:123.10,124.69 1 0
go-rocketmq/pkg/ha/replication.go:129.42,132.16 3 0
go-rocketmq/pkg/ha/replication.go:132.16,134.3 1 0
go-rocketmq/pkg/ha/replication.go:136.2,145.12 5 0
go-rocketmq/pkg/ha/replication.go:149.41,150.37 1 0
go-rocketmq/pkg/ha/replication.go:150.37,152.3 1 0
go-rocketmq/pkg/ha/replication.go:154.2,159.12 3 0
go-rocketmq/pkg/ha/replication.go:163.47,164.6 1 0
go-rocketmq/pkg/ha/replication.go:164.6,165.10 1 0
go-rocketmq/pkg/ha/replication.go:166.22,167.10 1 0
go-rocketmq/pkg/ha/replication.go:168.11,170.18 2 0
go-rocketmq/pkg/ha/replication.go:170.18,172.13 2 0
go-rocketmq/pkg/ha/replication.go:175.4,189.42 7 0
go-rocketmq/pkg/ha/replication.go:195.72,196.15 1 0
go-rocketmq/pkg/ha/replication.go:196.15,202.3 5 0
go-rocketmq/pkg/ha/replication.go:204.2,204.24 1 0
go-rocketmq/pkg/ha/replication.go:204.24,205.10 1 0
go-rocketmq/pkg/ha/replication.go:206.22,207.10 1 0
go-rocketmq/pkg/ha/replication.go:208.11,211.18 2 0
go-rocketmq/pkg/ha/replication.go:211.18,214.5 2 0
go-rocketmq/pkg/ha/replication.go:217.4,223.72 5 0
go-rocketmq/pkg/ha/replication.go:223.72,226.5 2 0
go-rocketmq/pkg/ha/replication.go:237.77,240.58 2 0
go-rocketmq/pkg/ha/replication.go:240.58,242.3 1 0
go-rocketmq/pkg/ha/replication.go:243.2,247.58 3 0
go-rocketmq/pkg/ha/replication.go:247.58,249.3 1 0
go-rocketmq/pkg/ha/replication.go:250.2,252.43 2 0
go-rocketmq/pkg/ha/replication.go:256.93,258.32 2 0
go-rocketmq/pkg/ha/replication.go:258.32,261.3 1 0
go-rocketmq/pkg/ha/replication.go:264.2,265.49 2 0
go-rocketmq/pkg/ha/replication.go:265.49,267.3 1 0
go-rocketmq/pkg/ha/replication.go:270.2,271.16 2 0
go-rocketmq/pkg/ha/replication.go:271.16,273.3 1 0
go-rocketmq/pkg/ha/replication.go:276.2,276.63 1 0
go-rocketmq/pkg/ha/replication.go:280.77,282.2 1 0
go-rocketmq/pkg/ha/replication.go:285.85,295.17 5 0
go-rocketmq/pkg/ha/replication.go:295.17,297.3 1 0
go-rocketmq/pkg/ha/replication.go:300.2,301.12 2 0
go-rocketmq/pkg/ha/replication.go:305.40,306.6 1 0
go-rocketmq/pkg/ha/replication.go:306.6,307.10 1 0
go-rocketmq/pkg/ha/replication.go:308.22,309.10 1 0
go-rocketmq/pkg/ha/replication.go:310.11,311.49 1 0
go-rocketmq/pkg/ha/replication.go:311.49,314.13 3 0
go-rocketmq/pkg/ha/replication.go:321.48,324.16 2 0
go-rocketmq/pkg/ha/replication.go:324.16,326.3 1 0
go-rocketmq/pkg/ha/replication.go:328.2,344.12 6 0
go-rocketmq/pkg/ha/replication.go:348.74,349.15 1 0
go-rocketmq/pkg/ha/replication.go:349.15,353.3 3 0
go-rocketmq/pkg/ha/replication.go:355.2,355.25 1 0
go-rocketmq/pkg/ha/replication.go:355.25,356.10 1 0
go-rocketmq/pkg/ha/replication.go:357.22,358.10 1 0
go-rocketmq/pkg/ha/replication.go:359.11,362.18 2 0
go-rocketmq/pkg/ha/replication.go:362.18,365.5 2 0
go-rocketmq/pkg/ha/replication.go:368.4,368.29 1 0
go-rocketmq/pkg/ha/replication.go:368.29,369.13 1 0
go-rocketmq/pkg/ha/replication.go:373.4,373.66 1 0
go-rocketmq/pkg/ha/replication.go:373.66,376.5 2 0
go-rocketmq/pkg/ha/replication.go:379.4,382.29 4 0
go-rocketmq/pkg/ha/replication.go:394.73,397.58 2 0
go-rocketmq/pkg/ha/replication.go:397.58,399.3 1 0
go-rocketmq/pkg/ha/replication.go:400.2,404.58 3 0
go-rocketmq/pkg/ha/replication.go:404.58,406.3 1 0
go-rocketmq/pkg/ha/replication.go:407.2,412.17 4 0
go-rocketmq/pkg/ha/replication.go:412.17,414.52 2 0
go-rocketmq/pkg/ha/replication.go:414.52,416.4 1 0
go-rocketmq/pkg/ha/replication.go:419.2,422.8 1 0
go-rocketmq/pkg/ha/replication.go:426.72,430.25 3 0
go-rocketmq/pkg/ha/replication.go:430.25,431.10 1 0
go-rocketmq/pkg/ha/replication.go:432.22,433.10 1 0
go-rocketmq/pkg/ha/replication.go:434.19,437.71 2 0
go-rocketmq/pkg/ha/replication.go:437.71,440.5 2 0
go-rocketmq/pkg/ha/replication.go:446.74,454.2 5 0
go-rocketmq/pkg/ha/replication.go:457.41,461.6 3 0
go-rocketmq/pkg/ha/replication.go:461.6,462.10 1 0
go-rocketmq/pkg/ha/replication.go:463.22,464.10 1 0
go-rocketmq/pkg/ha/replication.go:465.19,466.27 1 0
go-rocketmq/pkg/ha/replication.go:472.43,474.41 2 0
go-rocketmq/pkg/ha/replication.go:474.41,476.3 1 0
go-rocketmq/pkg/ha/replication.go:478.2,480.43 3 0
go-rocketmq/pkg/ha/replication.go:480.43,482.3 1 0
go-rocketmq/pkg/ha/replication.go:483.2,486.39 2 0
go-rocketmq/pkg/ha/replication.go:486.39,487.25 1 0
go-rocketmq/pkg/ha/replication.go:487.25,488.12 1 0
go-rocketmq/pkg/ha/replication.go:491.3,495.32 4 0
go-rocketmq/pkg/ha/replication.go:495.32,496.35 1 0
go-rocketmq/pkg/ha/replication.go:496.35,497.67 1 0
go-rocketmq/pkg/ha/replication.go:497.67,499.6 1 0
go-rocketmq/pkg/ha/replication.go:504.2,504.36 1 0
go-rocketmq/pkg/ha/replication.go:508.81,509.51 1 0
go-rocketmq/pkg/ha/replication.go:509.51,511.3 1 0
go-rocketmq/pkg/ha/replication.go:513.2,514.34 2 0
go-rocketmq/pkg/ha/replication.go:514.34,515.39 1 0
go-rocketmq/pkg/ha/replication.go:515.39,517.4 1 0
go-rocketmq/pkg/ha/replication.go:518.3,518.36 1 0
go-rocketmq/pkg/ha/replication.go:521.2,521.49 1 0
go-rocketmq/pkg/ha/replication.go:525.48,530.48 4 0
go-rocketmq/pkg/ha/replication.go:530.48,535.31 4 0
go-rocketmq/pkg/ha/replication.go:535.31,537.4 1 0
go-rocketmq/pkg/ha/replication.go:540.2,540.21 1 0
go-rocketmq/pkg/ha/replication.go:544.33,545.52 1 0
go-rocketmq/pkg/ha/replication.go:545.52,547.3 1 0
go-rocketmq/pkg/ha/replication.go:549.2,553.26 3 0
go-rocketmq/pkg/ha/replication.go:553.26,555.3 1 0
go-rocketmq/pkg/ha/replication.go:558.2,559.48 2 0
go-rocketmq/pkg/ha/replication.go:559.48,562.3 2 0
go-rocketmq/pkg/ha/replication.go:563.2,566.32 2 0
go-rocketmq/pkg/ha/replication.go:566.32,569.3 2 0
go-rocketmq/pkg/ha/replication.go:573.68,579.81 5 0
go-rocketmq/pkg/ha/replication.go:579.81,583.49 4 0
go-rocketmq/pkg/ha/replication.go:583.49,593.4 4 0
go-rocketmq/pkg/ha/replication.go:594.3,595.21 2 0
go-rocketmq/pkg/ha/replication.go:596.8,597.33 1 0
go-rocketmq/pkg/ha/replication.go:597.33,603.4 5 0
go-rocketmq/pkg/ha/replication.go:606.2,606.15 1 0
go-rocketmq/pkg/ha/replication.go:610.34,620.2 1 0
go-rocketmq/pkg/failover/service.go:118.70,129.2 1 0
go-rocketmq/pkg/failover/service.go:132.42,136.16 3 0
go-rocketmq/pkg/failover/service.go:136.16,138.3 1 0
go-rocketmq/pkg/failover/service.go:140.2,149.12 5 0
go-rocketmq/pkg/failover/service.go:153.35,157.17 3 0
go-rocketmq/pkg/failover/service.go:157.17,159.3 1 0
go-rocketmq/pkg/failover/service.go:161.2,163.20 3 0
go-rocketmq/pkg/failover/service.go:167.81,168.19 1 0
go-rocketmq/pkg/failover/service.go:168.19,170.3 1 0
go-rocketmq/pkg/failover/service.go:172.2,178.12 5 0
go-rocketmq/pkg/failover/service.go:182.72,188.2 4 0
go-rocketmq/pkg/failover/service.go:191.45,195.6 3 0
go-rocketmq/pkg/failover/service.go:195.6,196.10 1 0
go-rocketmq/pkg/failover/service.go:197.22,198.10 1 0
go-rocketmq/pkg/failover/service.go:199.19,200.26 1 0
go-rocketmq/pkg/failover/service.go:206.48,209.42 2 0
go-rocketmq/pkg/failover/service.go:209.42,211.14 2 0
go-rocketmq/pkg/failover/service.go:211.14,212.12 1 0
go-rocketmq/pkg/failover/service.go:216.3,216.62 1 0
go-rocketmq/pkg/failover/service.go:216.62,219.4 2 0
go-rocketmq/pkg/failover/service.go:219.9,219.45 1 0
go-rocketmq/pkg/failover/service.go:219.45,222.4 1 0
go-rocketmq/pkg/failover/service.go:227.71,230.13 3 0
go-rocketmq/pkg/failover/service.go:230.13,233.3 2 0
go-rocketmq/pkg/failover/service.go:234.2,256.16 8 0
go-rocketmq/pkg/failover/service.go:256.16,260.3 3 0
go-rocketmq/pkg/failover/service.go:260.8,264.3 3 0
go-rocketmq/pkg/failover/service.go:267.2,267.37 1 0
go-rocketmq/pkg/failover/service.go:271.96,272.36 1 0
go-rocketmq/pkg/failover/service.go:272.36,274.3 1 0
go-rocketmq/pkg/failover/service.go:277.2,278.16 2 0
go-rocketmq/pkg/failover/service.go:278.16,280.3 1 0
go-rocketmq/pkg/failover/service.go:282.2,285.29 2 0
go-rocketmq/pkg/failover/service.go:286.21,287.65 1 0
go-rocketmq/pkg/failover/service.go:288.27,289.70 1 0
go-rocketmq/pkg/failover/service.go:290.10,291.74 1 0
go-rocketmq/pkg/failover/service.go:296.87,297.43 1 0
go-rocketmq/pkg/failover/service.go:297.43,299.48 2 0
go-rocketmq/pkg/failover/service.go:299.48,301.4 1 0
go-rocketmq/pkg/failover/service.go:303.2,303.54 1 0
go-rocketmq/pkg/failover/service.go:307.89,311.71 2 0
go-rocketmq/pkg/failover/service.go:311.71,313.3 1 0
go-rocketmq/pkg/failover/service.go:316.2,316.80 1 0
go-rocketmq/pkg/failover/service.go:316.80,318.3 1 0
go-rocketmq/pkg/failover/service.go:321.2,324.12 3 0
go-rocketmq/pkg/failover/service.go:328.93,332.58 2 0
go-rocketmq/pkg/failover/service.go:332.58,334.3 1 0
go-rocketmq/pkg/failover/service.go:337.2,337.57 1 0
go-rocketmq/pkg/failover/service.go:337.57,339.3 1 0
go-rocketmq/pkg/failover/service.go:342.2,342.61 1 0
go-rocketmq/pkg/failover/service.go:342.61,344.3 1 0
go-rocketmq/pkg/failover/service.go:347.2,347.70 1 0
go-rocketmq/pkg/failover/service.go:347.70,349.3 1 0
go-rocketmq/pkg/failover/service.go:351.2,352.12 2 0
go-rocketmq/pkg/failover/service.go:356.85,361.2 2 0
go-rocketmq/pkg/failover/service.go:364.94,368.2 2 0
go-rocketmq/pkg/failover/service.go:371.72,374.2 2 0
go-rocketmq/pkg/failover/service.go:377.71,382.2 3 0
go-rocketmq/pkg/failover/service.go:385.75,390.13 3 0
go-rocketmq/pkg/failover/service.go:390.13,392.3 1 0
go-rocketmq/pkg/failover/service.go:394.2,395.12 2 0
go-rocketmq/pkg/failover/service.go:399.44,403.6 3 0
go-rocketmq/pkg/failover/service.go:403.6,404.10 1 0
go-rocketmq/pkg/failover/service.go:405.22,406.10 1 0
go-rocketmq/pkg/failover/service.go:407.19,408.31 1 0
go-rocketmq/pkg/failover/service.go:414.53,417.40 3 0
go-rocketmq/pkg/failover/service.go:417.40,419.3 1 0
go-rocketmq/pkg/failover/service.go:420.2,422.35 2 0
go-rocketmq/pkg/failover/service.go:422.35,424.3 1 0
go-rocketmq/pkg/failover/service.go:428.67,430.13 2 0
go-rocketmq/pkg/failover/service.go:430.13,432.3 1 0
go-rocketmq/pkg/failover/service.go:434.2,435.13 2 0
go-rocketmq/pkg/failover/service.go:435.13,437.3 1 0
go-rocketmq/pkg/failover/service.go:440.2,440.79 1 0
go-rocketmq/pkg/failover/service.go:440.79,442.38 1 0
go-rocketmq/pkg/failover/service.go:442.38,445.4 2 0
go-rocketmq/pkg/failover/service.go:450.70,455.52 3 0
go-rocketmq/pkg/failover/service.go:455.52,459.30 2 0
go-rocketmq/pkg/failover/service.go:459.30,461.53 1 0
go-rocketmq/pkg/failover/service.go:461.53,464.53 2 0
go-rocketmq/pkg/failover/service.go:464.53,466.6 1 0
go-rocketmq/pkg/failover/service.go:468.4,468.15 1 0
go-rocketmq/pkg/failover/service.go:471.2,471.14 1 0
go-rocketmq/pkg/failover/service.go:475.71,496.16 7 0
go-rocketmq/pkg/failover/service.go:496.16,500.3 3 0
go-rocketmq/pkg/failover/service.go:500.8,504.3 3 0
go-rocketmq/pkg/failover/service.go:508.91,512.58 2 0
go-rocketmq/pkg/failover/service.go:512.58,514.3 1 0
go-rocketmq/pkg/failover/service.go:517.2,517.56 1 0
go-rocketmq/pkg/failover/service.go:517.56,519.3 1 0
go-rocketmq/pkg/failover/service.go:522.2,522.61 1 0
go-rocketmq/pkg/failover/service.go:522.61,524.3 1 0
go-rocketmq/pkg/failover/service.go:526.2,526.12 1 0
go-rocketmq/pkg/failover/service.go:530.72,532.13 2 0
go-rocketmq/pkg/failover/service.go:532.13,534.3 1 0
go-rocketmq/pkg/failover/service.go:536.2,536.37 1 0
go-rocketmq/pkg/failover/service.go:536.37,538.3 1 0
go-rocketmq/pkg/failover/service.go:540.2,540.12 1 0
go-rocketmq/pkg/failover/service.go:544.70,547.2 2 0
go-rocketmq/pkg/failover/service.go:550.75,553.2 2 0
go-rocketmq/pkg/failover/service.go:556.92,557.52 1 0
go-rocketmq/pkg/failover/service.go:557.52,558.28 1 0
go-rocketmq/pkg/failover/service.go:558.28,559.12 1 0
go-rocketmq/pkg/failover/service.go:562.3,562.38 1 0
go-rocketmq/pkg/failover/service.go:562.38,563.61 1 0
go-rocketmq/pkg/failover/service.go:563.61,565.5 1 0
go-rocketmq/pkg/failover/service.go:571.100,577.2 2 0
go-rocketmq/pkg/failover/service.go:580.67,587.36 4 0
go-rocketmq/pkg/failover/service.go:587.36,589.3 1 0
go-rocketmq/pkg/failover/service.go:593.75,597.51 3 0
go-rocketmq/pkg/failover/service.go:597.51,599.3 1 0
go-rocketmq/pkg/failover/service.go:601.2,605.15 4 0
go-rocketmq/pkg/failover/service.go:609.71,623.2 11 0
go-rocketmq/pkg/failover/service.go:626.90,631.13 4 0
go-rocketmq/pkg/failover/service.go:631.13,633.3 1 0
go-rocketmq/pkg/failover/service.go:636.2,659.16 9 0
go-rocketmq/pkg/failover/service.go:659.16,663.3 3 0
go-rocketmq/pkg/failover/service.go:665.2,667.12 3 0
go-rocketmq/pkg/failover/service.go:671.76,690.16 6 0
go-rocketmq/pkg/failover/service.go:690.16,694.3 3 0
go-rocketmq/pkg/failover/service.go:696.2,698.12 3 0
go-rocketmq/tools/monitor/main.go:47.51,50.16 3 0
go-rocketmq/tools/monitor/main.go:50.16,52.3 1 0
go-rocketmq/tools/monitor/main.go:54.2,55.18 2 0
go-rocketmq/tools/monitor/main.go:55.18,57.3 1 0
go-rocketmq/tools/monitor/main.go:60.2,61.19 2 0
go-rocketmq/tools/monitor/main.go:61.19,62.52 1 0
go-rocketmq/tools/monitor/main.go:62.52,64.4 1 0
go-rocketmq/tools/monitor/main.go:67.2,67.17 1 0
go-rocketmq/tools/monitor/main.go:71.44,75.2 3 0
go-rocketmq/tools/monitor/main.go:78.30,83.45 3 0
go-rocketmq/tools/monitor/main.go:83.45,85.30 2 0
go-rocketmq/tools/monitor/main.go:85.30,86.43 1 0
go-rocketmq/tools/monitor/main.go:86.43,89.32 2 0
go-rocketmq/tools/monitor/main.go:89.32,90.49 1 0
go-rocketmq/tools/monitor/main.go:90.49,91.94 1 0
go-rocketmq/tools/monitor/main.go:91.94,93.8 1 0
go-rocketmq/tools/monitor/main.go:94.7,94.12 1 0
go-rocketmq/tools/monitor/main.go:97.5,97.10 1 0
go-rocketmq/tools/monitor/main.go:103.2,104.40 2 0
go-rocketmq/tools/monitor/main.go:104.40,107.3 1 0
go-rocketmq/tools/monitor/main.go:110.2,111.45 2 0
go-rocketmq/tools/monitor/main.go:111.45,113.21 2 0
go-rocketmq/tools/monitor/main.go:113.21,115.23 2 0
go-rocketmq/tools/monitor/main.go:115.23,117.63 2 0
go-rocketmq/tools/monitor/main.go:117.63,119.6 1 0
go-rocketmq/tools/monitor/main.go:125.2,126.45 2 0
go-rocketmq/tools/monitor/main.go:126.45,128.64 2 0
go-rocketmq/tools/monitor/main.go:128.64,130.4 1 0
go-rocketmq/tools/monitor/main.go:133.2,133.13 1 0
go-rocketmq/tools/monitor/main.go:137.37,162.2 7 0
go-rocketmq/tools/monitor/main.go:165.39,171.31 4 0
go-rocketmq/tools/monitor/main.go:171.31,174.3 1 0
go-rocketmq/tools/monitor/main.go:174.8,176.3 1 0
go-rocketmq/tools/monitor/main.go:179.2,179.27 1 0
go-rocketmq/tools/monitor/main.go:179.27,182.3 1 0
go-rocketmq/tools/monitor/main.go:182.8,184.3 1 0
go-rocketmq/tools/monitor/main.go:187.2,193.47 6 0
go-rocketmq/tools/monitor/main.go:197.60,201.2 3 0
go-rocketmq/tools/monitor/main.go:204.57,281.2 3 0
go-rocketmq/tools/monitor/main.go:283.13,286.16 2 0
go-rocketmq/tools/monitor/main.go:286.16,295.3 5 0
go-rocketmq/tools/monitor/main.go:295.8,301.7 4 0
go-rocketmq/tools/monitor/main.go:301.7,305.4 3 0
go-rocketmq/pkg/cluster/health.go:32.58,42.2 1 21
go-rocketmq/pkg/cluster/health.go:45.40,49.16 3 3
go-rocketmq/pkg/cluster/health.go:49.16,51.3 1 1
go-rocketmq/pkg/cluster/health.go:53.2,59.12 4 2
go-rocketmq/pkg/cluster/health.go:63.33,67.17 3 2
go-rocketmq/pkg/cluster/health.go:67.17,69.3 1 0
go-rocketmq/pkg/cluster/health.go:71.2,73.20 3 2
go-rocketmq/pkg/cluster/health.go:77.43,81.6 3 2
go-rocketmq/pkg/cluster/health.go:81.6,82.10 1 2
go-rocketmq/pkg/cluster/health.go:83.22,84.10 1 2
go-rocketmq/pkg/cluster/health.go:85.19,86.27 1 0
go-rocketmq/pkg/cluster/health.go:92.47,94.23 2 0
go-rocketmq/pkg/cluster/health.go:94.23,96.3 1 0
go-rocketmq/pkg/cluster/health.go:98.2,104.33 4 0
go-rocketmq/pkg/cluster/health.go:104.33,106.26 2 0
go-rocketmq/pkg/cluster/health.go:106.26,110.4 3 0
go-rocketmq/pkg/cluster/health.go:114.2,114.12 1 0
go-rocketmq/pkg/cluster/health.go:114.12,117.3 2 0
go-rocketmq/pkg/cluster/health.go:120.2,120.30 1 0
go-rocketmq/pkg/cluster/health.go:120.30,122.3 1 0
go-rocketmq/pkg/cluster/health.go:126.83,138.16 5 0
go-rocketmq/pkg/cluster/health.go:138.16,143.3 4 0
go-rocketmq/pkg/cluster/health.go:144.2,149.38 3 0
go-rocketmq/pkg/cluster/health.go:149.38,151.3 1 0
go-rocketmq/pkg/cluster/health.go:151.8,154.3 2 0
go-rocketmq/pkg/cluster/health.go:156.2,156.15 1 0
go-rocketmq/pkg/cluster/health.go:160.77,162.13 2 0
go-rocketmq/pkg/cluster/health.go:162.13,164.3 1 0
go-rocketmq/pkg/cluster/health.go:166.2,169.20 3 0
go-rocketmq/pkg/cluster/health.go:169.20,171.59 1 0
go-rocketmq/pkg/cluster/health.go:171.59,174.4 2 0
go-rocketmq/pkg/cluster/health.go:175.3,175.49 1 0
go-rocketmq/pkg/cluster/health.go:176.8,180.24 2 0
go-rocketmq/pkg/cluster/health.go:181.15,184.64 2 0
go-rocketmq/pkg/cluster/health.go:185.16,188.64 2 0
go-rocketmq/pkg/cluster/health.go:194.67,204.2 7 0
go-rocketmq/pkg/cluster/health.go:207.67,212.2 3 1
go-rocketmq/pkg/cluster/health.go:215.60,221.2 4 1
go-rocketmq/pkg/cluster/manager.go:99.60,114.2 4 18
go-rocketmq/pkg/cluster/manager.go:117.41,118.16 1 2
go-rocketmq/pkg/cluster/manager.go:118.16,120.3 1 1
go-rocketmq/pkg/cluster/manager.go:122.2,126.49 3 1
go-rocketmq/pkg/cluster/manager.go:126.49,128.3 1 0
go-rocketmq/pkg/cluster/manager.go:131.2,133.12 2 1
go-rocketmq/pkg/cluster/manager.go:137.34,138.17 1 1
go-rocketmq/pkg/cluster/manager.go:138.17,140.3 1 0
go-rocketmq/pkg/cluster/manager.go:142.2,146.29 4 1
go-rocketmq/pkg/cluster/manager.go:146.29,148.3 1 1
go-rocketmq/pkg/cluster/manager.go:152.72,153.23 1 21
go-rocketmq/pkg/cluster/manager.go:153.23,155.3 1 1
go-rocketmq/pkg/cluster/manager.go:157.2,157.33 1 20
go-rocketmq/pkg/cluster/manager.go:157.33,159.3 1 1
go-rocketmq/pkg/cluster/manager.go:161.2,166.28 4 19
go-rocketmq/pkg/cluster/manager.go:166.28,168.3 1 17
go-rocketmq/pkg/cluster/manager.go:169.2,174.12 3 19
go-rocketmq/pkg/cluster/manager.go:178.63,182.54 3 2
go-rocketmq/pkg/cluster/manager.go:182.54,186.3 3 1
go-rocketmq/pkg/cluster/manager.go:190.96,195.13 4 2
go-rocketmq/pkg/cluster/manager.go:195.13,197.3 1 1
go-rocketmq/pkg/cluster/manager.go:199.2,202.12 3 1
go-rocketmq/pkg/cluster/manager.go:206.76,212.2 4 5
go-rocketmq/pkg/cluster/manager.go:215.66,220.39 4 2
go-rocketmq/pkg/cluster/manager.go:220.39,222.3 1 3
go-rocketmq/pkg/cluster/manager.go:223.2,223.15 1 2
go-rocketmq/pkg/cluster/manager.go:227.60,232.36 4 3
go-rocketmq/pkg/cluster/manager.go:232.36,233.30 1 7
go-rocketmq/pkg/cluster/manager.go:233.30,235.4 1 5
go-rocketmq/pkg/cluster/manager.go:237.2,237.22 1 3
go-rocketmq/pkg/cluster/manager.go:241.91,247.2 4 3
go-rocketmq/pkg/cluster/manager.go:250.83,256.2 4 6
go-rocketmq/pkg/cluster/manager.go:259.90,261.2 1 0
go-rocketmq/pkg/cluster/manager.go:264.105,266.2 1 0
go-rocketmq/pkg/cluster/manager.go:269.51,273.6 3 1
go-rocketmq/pkg/cluster/manager.go:273.6,274.10 1 1
go-rocketmq/pkg/cluster/manager.go:275.22,276.10 1 1
go-rocketmq/pkg/cluster/manager.go:277.19,278.32 1 0
go-rocketmq/pkg/cluster/manager.go:284.53,291.45 5 0
go-rocketmq/pkg/cluster/manager.go:291.45,292.66 1 0
go-rocketmq/pkg/cluster/manager.go:292.66,296.4 3 0
go-rocketmq/pkg/cluster/manager.go:300.2,300.44 1 0
go-rocketmq/pkg/cluster/manager.go:300.44,302.3 1 0
go-rocketmq/pkg/cluster/manager.go:306.69,321.36 12 1
go-rocketmq/pkg/cluster/manager.go:321.36,322.24 1 2
go-rocketmq/pkg/cluster/manager.go:323.15,324.17 1 2
go-rocketmq/pkg/cluster/manager.go:325.16,326.18 1 0
go-rocketmq/pkg/cluster/manager.go:327.16,328.18 1 0
go-rocketmq/pkg/cluster/manager.go:331.3,331.28 1 2
go-rocketmq/pkg/cluster/manager.go:331.28,334.4 2 2
go-rocketmq/pkg/cluster/manager.go:337.2,344.15 7 1
go-rocketmq/pkg/cluster/manager.go:348.72,353.45 4 1
go-rocketmq/pkg/cluster/manager.go:353.45,354.28 1 2
go-rocketmq/pkg/cluster/manager.go:354.28,356.4 1 2
go-rocketmq/pkg/cluster/manager.go:358.2,358.16 1 1
go-rocketmq/pkg/cluster/manager.go:382.56,387.2 1 22
go-rocketmq/pkg/cluster/manager.go:390.88,393.13 2 2
go-rocketmq/pkg/cluster/manager.go:393.13,396.3 1 2
go-rocketmq/pkg/cluster/manager.go:399.2,399.42 1 0
go-rocketmq/pkg/cluster/manager.go:403.103,406.13 2 1
go-rocketmq/pkg/cluster/manager.go:406.13,408.3 1 0
go-rocketmq/pkg/cluster/manager.go:411.2,411.53 1 1
go-rocketmq/pkg/cluster/manager.go:415.72,417.29 2 2
go-rocketmq/pkg/cluster/manager.go:417.29,419.3 1 1
go-rocketmq/pkg/cluster/manager.go:422.2,423.39 2 1
go-rocketmq/pkg/cluster/manager.go:423.39,424.30 1 3
go-rocketmq/pkg/cluster/manager.go:424.30,426.4 1 3
go-rocketmq/pkg/cluster/manager.go:429.2,429.23 1 1
go-rocketmq/pkg/cluster/manager.go:429.23,431.3 1 0
go-rocketmq/pkg/cluster/manager.go:433.2,433.37 1 1
go-rocketmq/pkg/cluster/manager.go:437.93,438.37 1 0
go-rocketmq/pkg/cluster/manager.go:438.37,440.3 1 0
go-rocketmq/pkg/cluster/manager.go:443.2,444.51 2 0
go-rocketmq/pkg/cluster/manager.go:444.51,445.51 1 0
go-rocketmq/pkg/cluster/manager.go:445.51,446.84 1 0
go-rocketmq/pkg/cluster/manager.go:446.84,447.63 1 0
go-rocketmq/pkg/cluster/manager.go:447.63,449.6 1 0
go-rocketmq/pkg/cluster/manager.go:454.2,454.32 1 0
go-rocketmq/pkg/cluster/manager.go:454.32,456.3 1 0
go-rocketmq/pkg/cluster/manager.go:458.2,458.46 1 0
go-rocketmq/pkg/cluster/manager.go:462.110,463.36 1 1
go-rocketmq/pkg/cluster/manager.go:463.36,465.3 1 0
go-rocketmq/pkg/cluster/manager.go:468.2,468.49 1 1
go-rocketmq/pkg/cluster/manager.go:468.49,469.40 1 1
go-rocketmq/pkg/cluster/manager.go:469.40,470.83 1 1
go-rocketmq/pkg/cluster/manager.go:470.83,471.32 1 1
go-rocketmq/pkg/cluster/manager.go:471.32,473.6 1 1
go-rocketmq/pkg/cluster/manager.go:478.2,478.69 1 0
go-rocketmq/pkg/cluster/manager.go:482.86,483.23 1 1
go-rocketmq/pkg/cluster/manager.go:483.23,485.3 1 0
go-rocketmq/pkg/cluster/manager.go:487.2,487.21 1 1
go-rocketmq/pkg/cluster/manager.go:488.19,489.43 1 1
go-rocketmq/pkg/cluster/manager.go:490.14,491.39 1 0
go-rocketmq/pkg/cluster/manager.go:492.20,493.44 1 0
go-rocketmq/pkg/cluster/manager.go:494.28,495.51 1 0
go-rocketmq/pkg/cluster/manager.go:496.10,497.25 1 0
go-rocketmq/pkg/cluster/manager.go:502.77,504.42 1 1
go-rocketmq/pkg/cluster/manager.go:504.42,506.3 1 2
go-rocketmq/pkg/cluster/manager.go:507.2,507.19 1 1
go-rocketmq/pkg/cluster/manager.go:511.73,514.2 1 0
go-rocketmq/pkg/cluster/manager.go:517.78,522.33 3 0
go-rocketmq/pkg/cluster/manager.go:522.33,523.79 1 0
go-rocketmq/pkg/cluster/manager.go:523.79,526.4 2 0
go-rocketmq/pkg/cluster/manager.go:529.2,529.27 1 0
go-rocketmq/pkg/cluster/manager.go:529.27,531.3 1 0
go-rocketmq/pkg/cluster/manager.go:532.2,532.19 1 0
go-rocketmq/pkg/cluster/manager.go:536.85,541.33 3 0
go-rocketmq/pkg/cluster/manager.go:541.33,542.69 1 0
go-rocketmq/pkg/cluster/manager.go:542.69,545.4 2 0
go-rocketmq/pkg/cluster/manager.go:548.2,548.27 1 0
go-rocketmq/pkg/cluster/manager.go:548.27,550.3 1 0
go-rocketmq/pkg/cluster/manager.go:551.2,551.19 1 0
go-rocketmq/pkg/cluster/manager.go:555.67,557.2 1 4
go-rocketmq/pkg/cluster/manager.go:560.54,564.81 2 0
go-rocketmq/pkg/cluster/manager.go:564.81,568.3 3 0
go-rocketmq/pkg/cluster/manager.go:571.2,571.82 1 0
go-rocketmq/pkg/cluster/manager.go:571.82,575.3 3 0
go-rocketmq/pkg/cluster/manager.go:578.2,578.82 1 0
go-rocketmq/pkg/cluster/manager.go:578.82,582.3 3 0
go-rocketmq/pkg/cluster/manager.go:584.2,584.12 1 0
go-rocketmq/pkg/common/message.go:107.53,113.2 1 7
go-rocketmq/pkg/common/message.go:116.49,119.2 2 2
go-rocketmq/pkg/common/message.go:122.49,125.2 2 2
go-rocketmq/pkg/common/message.go:128.59,129.25 1 3
go-rocketmq/pkg/common/message.go:129.25,131.3 1 0
go-rocketmq/pkg/common/message.go:132.2,133.10 2 3
go-rocketmq/pkg/common/message.go:137.50,138.25 1 3
go-rocketmq/pkg/common/message.go:138.25,140.3 1 0
go-rocketmq/pkg/common/message.go:141.2,141.26 1 3
go-rocketmq/pkg/common/message.go:145.41,147.2 1 1
go-rocketmq/pkg/nameserver/nameserver.go:52.48,60.2 1 9
go-rocketmq/pkg/nameserver/nameserver.go:63.46,71.2 1 10
go-rocketmq/pkg/nameserver/nameserver.go:74.37,77.16 3 1
go-rocketmq/pkg/nameserver/nameserver.go:77.16,79.3 1 0
go-rocketmq/pkg/nameserver/nameserver.go:81.2,90.12 5 1
go-rocketmq/pkg/nameserver/nameserver.go:94.30,96.24 2 1
go-rocketmq/pkg/nameserver/nameserver.go:96.24,98.3 1 1
go-rocketmq/pkg/nameserver/nameserver.go:99.2,99.35 1 1
go-rocketmq/pkg/nameserver/nameserver.go:103.43,104.6 1 1
go-rocketmq/pkg/nameserver/nameserver.go:104.6,105.10 1 1
go-rocketmq/pkg/nameserver/nameserver.go:106.22,107.10 1 0
go-rocketmq/pkg/nameserver/nameserver.go:108.11,110.18 2 1
go-rocketmq/pkg/nameserver/nameserver.go:110.18,111.12 1 1
go-rocketmq/pkg/nameserver/nameserver.go:112.24,113.12 1 1
go-rocketmq/pkg/nameserver/nameserver.go:114.13,116.14 2 0
go-rocketmq/pkg/nameserver/nameserver.go:119.4,119.32 1 0
go-rocketmq/pkg/nameserver/nameserver.go:125.55,133.2 2 0
go-rocketmq/pkg/nameserver/nameserver.go:145.34,158.24 6 14
go-rocketmq/pkg/nameserver/nameserver.go:158.24,160.3 1 4
go-rocketmq/pkg/nameserver/nameserver.go:163.2,164.35 2 14
go-rocketmq/pkg/nameserver/nameserver.go:164.35,165.25 1 46
go-rocketmq/pkg/nameserver/nameserver.go:165.25,167.9 2 0
go-rocketmq/pkg/nameserver/nameserver.go:170.2,170.12 1 14
go-rocketmq/pkg/nameserver/nameserver.go:170.12,173.3 2 14
go-rocketmq/pkg/nameserver/nameserver.go:176.2,177.24 2 14
go-rocketmq/pkg/nameserver/nameserver.go:177.24,180.3 2 14
go-rocketmq/pkg/nameserver/nameserver.go:182.2,183.27 2 14
go-rocketmq/pkg/nameserver/nameserver.go:183.27,185.3 1 14
go-rocketmq/pkg/nameserver/nameserver.go:188.2,188.77 1 14
go-rocketmq/pkg/nameserver/nameserver.go:188.77,189.71 1 14
go-rocketmq/pkg/nameserver/nameserver.go:189.71,192.4 2 14
go-rocketmq/pkg/nameserver/nameserver.go:196.2,205.29 3 14
go-rocketmq/pkg/nameserver/nameserver.go:205.29,207.3 1 14
go-rocketmq/pkg/nameserver/nameserver.go:209.2,214.15 3 14
go-rocketmq/pkg/nameserver/nameserver.go:218.102,221.57 2 15
go-rocketmq/pkg/nameserver/nameserver.go:221.57,228.3 2 60
go-rocketmq/pkg/nameserver/nameserver.go:230.2,230.63 1 15
go-rocketmq/pkg/nameserver/nameserver.go:234.82,247.19 5 2
go-rocketmq/pkg/nameserver/nameserver.go:247.19,249.3 1 1
go-rocketmq/pkg/nameserver/nameserver.go:252.2,253.31 2 1
go-rocketmq/pkg/nameserver/nameserver.go:253.31,255.3 1 4
go-rocketmq/pkg/nameserver/nameserver.go:258.2,258.43 1 1
go-rocketmq/pkg/nameserver/nameserver.go:258.43,270.25 4 1
go-rocketmq/pkg/nameserver/nameserver.go:270.25,273.65 2 1
go-rocketmq/pkg/nameserver/nameserver.go:273.65,274.36 1 1
go-rocketmq/pkg/nameserver/nameserver.go:274.36,275.30 1 1
go-rocketmq/pkg/nameserver/nameserver.go:275.30,277.12 2 1
go-rocketmq/pkg/nameserver/nameserver.go:280.5,280.26 1 1
go-rocketmq/pkg/nameserver/nameserver.go:280.26,281.11 1 1
go-rocketmq/pkg/nameserver/nameserver.go:285.4,290.69 2 1
go-rocketmq/pkg/nameserver/nameserver.go:294.2,294.18 1 1
go-rocketmq/pkg/nameserver/nameserver.go:298.45,302.6 3 1
go-rocketmq/pkg/nameserver/nameserver.go:302.6,303.10 1 1
go-rocketmq/pkg/nameserver/nameserver.go:304.22,305.10 1 1
go-rocketmq/pkg/nameserver/nameserver.go:306.19,307.36 1 0
go-rocketmq/pkg/nameserver/nameserver.go:313.53,322.66 7 1
go-rocketmq/pkg/nameserver/nameserver.go:322.66,323.60 1 1
go-rocketmq/pkg/nameserver/nameserver.go:323.60,325.31 2 1
go-rocketmq/pkg/nameserver/nameserver.go:325.31,327.5 1 0
go-rocketmq/pkg/nameserver/nameserver.go:331.2,331.38 1 1
go-rocketmq/pkg/nameserver/nameserver.go:331.38,337.3 5 1
go-rocketmq/pkg/nameserver/nameserver.go:341.65,351.50 4 1
go-rocketmq/pkg/nameserver/nameserver.go:351.50,353.33 2 2
go-rocketmq/pkg/nameserver/nameserver.go:353.33,355.4 1 2
go-rocketmq/pkg/nameserver/nameserver.go:358.2,358.51 1 1
go-rocketmq/pkg/nameserver/nameserver.go:358.51,361.3 2 1
go-rocketmq/pkg/nameserver/nameserver.go:363.2,363.20 1 1
go-rocketmq/pkg/nameserver/nameserver.go:367.30,374.2 1 9
go-rocketmq/pkg/protocol/protocol.go:201.36,206.2 1 2
go-rocketmq/pkg/protocol/protocol.go:209.51,214.2 1 1
go-rocketmq/pkg/protocol/protocol.go:217.63,225.2 1 1
go-rocketmq/pkg/protocol/protocol.go:228.79,237.2 1 1
go-rocketmq/pkg/store/clean.go:25.97,31.2 1 0
go-rocketmq/pkg/store/clean.go:34.41,38.15 3 0
go-rocketmq/pkg/store/clean.go:38.15,40.3 1 0
go-rocketmq/pkg/store/clean.go:42.2,43.12 2 0
go-rocketmq/pkg/store/clean.go:47.44,51.16 3 0
go-rocketmq/pkg/store/clean.go:51.16,53.3 1 0
go-rocketmq/pkg/store/clean.go:55.2,56.19 2 0
go-rocketmq/pkg/store/clean.go:60.39,64.6 3 0
go-rocketmq/pkg/store/clean.go:64.6,65.10 1 0
go-rocketmq/pkg/store/clean.go:66.21,67.10 1 0
go-rocketmq/pkg/store/clean.go:68.19,69.15 1 0
go-rocketmq/pkg/store/clean.go:75.43,81.2 2 0
go-rocketmq/pkg/store/clean.go:93.121,99.2 1 0
go-rocketmq/pkg/store/clean.go:102.44,106.15 3 0
go-rocketmq/pkg/store/clean.go:106.15,108.3 1 0
go-rocketmq/pkg/store/clean.go:110.2,111.12 2 0
go-rocketmq/pkg/store/clean.go:115.47,119.16 3 0
go-rocketmq/pkg/store/clean.go:119.16,121.3 1 0
go-rocketmq/pkg/store/clean.go:123.2,124.19 2 0
go-rocketmq/pkg/store/clean.go:128.42,132.6 3 0
go-rocketmq/pkg/store/clean.go:132.6,133.10 1 0
go-rocketmq/pkg/store/clean.go:134.21,135.10 1 0
go-rocketmq/pkg/store/clean.go:136.19,137.15 1 0
go-rocketmq/pkg/store/clean.go:143.46,148.37 2 0
go-rocketmq/pkg/store/clean.go:148.37,150.3 1 0
go-rocketmq/pkg/store/commitlog.go:93.65,98.16 2 11
go-rocketmq/pkg/store/commitlog.go:98.16,100.3 1 0
go-rocketmq/pkg/store/commitlog.go:102.2,110.23 3 11
go-rocketmq/pkg/store/commitlog.go:114.36,118.16 3 8
go-rocketmq/pkg/store/commitlog.go:118.16,120.3 1 0
go-rocketmq/pkg/store/commitlog.go:122.2,123.12 2 8
go-rocketmq/pkg/store/commitlog.go:127.33,131.17 3 8
go-rocketmq/pkg/store/commitlog.go:131.17,133.3 1 0
go-rocketmq/pkg/store/commitlog.go:136.2,141.20 3 8
go-rocketmq/pkg/store/commitlog.go:145.88,149.17 3 16
go-rocketmq/pkg/store/commitlog.go:149.17,151.3 1 0
go-rocketmq/pkg/store/commitlog.go:154.2,155.16 2 16
go-rocketmq/pkg/store/commitlog.go:155.16,157.3 1 0
go-rocketmq/pkg/store/commitlog.go:160.2,161.22 2 16
go-rocketmq/pkg/store/commitlog.go:161.22,164.17 2 6
go-rocketmq/pkg/store/commitlog.go:164.17,166.4 1 0
go-rocketmq/pkg/store/commitlog.go:170.2,171.16 2 16
go-rocketmq/pkg/store/commitlog.go:171.16,173.3 1 0
go-rocketmq/pkg/store/commitlog.go:176.2,176.23 1 16
go-rocketmq/pkg/store/commitlog.go:177.22,199.25 7 16
go-rocketmq/pkg/store/commitlog.go:201.19,204.17 2 0
go-rocketmq/pkg/store/commitlog.go:204.17,206.4 1 0
go-rocketmq/pkg/store/commitlog.go:209.3,209.63 1 0
go-rocketmq/pkg/store/commitlog.go:211.10,212.80 1 0
go-rocketmq/pkg/store/commitlog.go:217.132,221.63 2 16
go-rocketmq/pkg/store/commitlog.go:221.63,225.3 1 0
go-rocketmq/pkg/store/commitlog.go:228.2,229.16 2 16
go-rocketmq/pkg/store/commitlog.go:229.16,231.3 1 0
go-rocketmq/pkg/store/commitlog.go:234.2,243.8 2 16
go-rocketmq/pkg/store/commitlog.go:247.135,249.16 2 0
go-rocketmq/pkg/store/commitlog.go:249.16,251.3 1 0
go-rocketmq/pkg/store/commitlog.go:253.2,253.37 1 0
go-rocketmq/pkg/store/commitlog.go:253.37,255.3 1 0
go-rocketmq/pkg/store/commitlog.go:258.2,278.24 7 0
go-rocketmq/pkg/store/commitlog.go:282.82,385.2 47 16
go-rocketmq/pkg/store/commitlog.go:388.79,391.2 2 16
go-rocketmq/pkg/store/commitlog.go:394.76,398.23 2 32
go-rocketmq/pkg/store/commitlog.go:398.23,403.3 4 0
go-rocketmq/pkg/store/commitlog.go:406.2,406.23 1 32
go-rocketmq/pkg/store/commitlog.go:406.23,411.3 4 0
go-rocketmq/pkg/store/commitlog.go:414.2,414.44 1 32
go-rocketmq/pkg/store/commitlog.go:414.44,419.3 4 52
go-rocketmq/pkg/store/commitlog.go:421.2,421.15 1 32
go-rocketmq/pkg/store/commitlog.go:425.78,427.2 1 16
go-rocketmq/pkg/store/commitlog.go:430.87,431.17 1 5
go-rocketmq/pkg/store/commitlog.go:431.17,433.3 1 0
go-rocketmq/pkg/store/commitlog.go:436.2,437.22 2 5
go-rocketmq/pkg/store/commitlog.go:437.22,439.3 1 0
go-rocketmq/pkg/store/commitlog.go:442.2,446.16 3 5
go-rocketmq/pkg/store/commitlog.go:446.16,448.3 1 0
go-rocketmq/pkg/store/commitlog.go:451.2,452.16 2 5
go-rocketmq/pkg/store/commitlog.go:452.16,454.3 1 0
go-rocketmq/pkg/store/commitlog.go:456.2,456.20 1 5
go-rocketmq/pkg/store/commitlog.go:460.82,461.19 1 5
go-rocketmq/pkg/store/commitlog.go:461.19,463.3 1 0
go-rocketmq/pkg/store/commitlog.go:465.2,471.32 4 5
go-rocketmq/pkg/store/commitlog.go:471.32,473.3 1 0
go-rocketmq/pkg/store/commitlog.go:476.2,478.37 3 5
go-rocketmq/pkg/store/commitlog.go:478.37,480.3 1 0
go-rocketmq/pkg/store/commitlog.go:483.2,544.23 34 5
go-rocketmq/pkg/store/commitlog.go:544.23,546.3 1 2
go-rocketmq/pkg/store/commitlog.go:549.2,567.20 2 5
go-rocketmq/pkg/store/commitlog.go:571.93,577.25 5 2
go-rocketmq/pkg/store/commitlog.go:577.25,580.47 2 9
go-rocketmq/pkg/store/commitlog.go:580.47,582.4 1 83
go-rocketmq/pkg/store/commitlog.go:583.3,583.26 1 9
go-rocketmq/pkg/store/commitlog.go:583.26,584.9 1 0
go-rocketmq/pkg/store/commitlog.go:587.3,592.51 4 9
go-rocketmq/pkg/store/commitlog.go:592.51,594.4 1 97
go-rocketmq/pkg/store/commitlog.go:595.3,595.28 1 9
go-rocketmq/pkg/store/commitlog.go:595.28,596.9 1 0
go-rocketmq/pkg/store/commitlog.go:599.3,603.14 3 9
go-rocketmq/pkg/store/commitlog.go:604.15,605.16 1 0
go-rocketmq/pkg/store/commitlog.go:606.15,607.16 1 0
go-rocketmq/pkg/store/commitlog.go:608.11,609.27 1 9
go-rocketmq/pkg/store/commitlog.go:613.2,613.31 1 2
go-rocketmq/pkg/store/commitlog.go:617.45,620.26 2 11
go-rocketmq/pkg/store/commitlog.go:620.26,625.3 4 11
go-rocketmq/pkg/store/commitlog.go:628.2,630.41 3 0
go-rocketmq/pkg/store/commitlog.go:634.35,639.48 2 8
go-rocketmq/pkg/store/commitlog.go:639.48,641.3 1 2
go-rocketmq/pkg/store/commitlog.go:644.2,645.12 2 6
go-rocketmq/pkg/store/commitlog.go:645.12,647.3 1 6
go-rocketmq/pkg/store/commitlog.go:649.2,649.15 1 6
go-rocketmq/pkg/store/commitlog.go:653.43,655.2 1 0
go-rocketmq/pkg/store/commitlog.go:658.43,660.27 2 0
go-rocketmq/pkg/store/commitlog.go:660.27,662.3 1 0
go-rocketmq/pkg/store/commitlog.go:663.2,663.43 1 0
go-rocketmq/pkg/store/commitlog.go:667.72,672.63 3 0
go-rocketmq/pkg/store/commitlog.go:672.63,674.3 1 0
go-rocketmq/pkg/store/commitlog.go:677.2,678.22 2 0
go-rocketmq/pkg/store/commitlog.go:678.22,680.3 1 0
go-rocketmq/pkg/store/commitlog.go:683.2,687.30 3 0
go-rocketmq/pkg/store/commitlog.go:687.30,689.3 1 0
go-rocketmq/pkg/store/commitlog.go:692.2,693.16 2 0
go-rocketmq/pkg/store/commitlog.go:693.16,695.3 1 0
go-rocketmq/pkg/store/commitlog.go:697.2,697.18 1 0
go-rocketmq/pkg/store/commitlog.go:701.61,705.20 3 0
go-rocketmq/pkg/store/commitlog.go:705.20,707.3 1 0
go-rocketmq/pkg/store/commitlog.go:710.2,711.22 2 0
go-rocketmq/pkg/store/commitlog.go:711.22,714.17 2 0
go-rocketmq/pkg/store/commitlog.go:714.17,716.4 1 0
go-rocketmq/pkg/store/commitlog.go:717.3,717.27 1 0
go-rocketmq/pkg/store/commitlog.go:721.2,721.78 1 0
go-rocketmq/pkg/store/commitlog.go:721.78,724.17 2 0
go-rocketmq/pkg/store/commitlog.go:724.17,726.4 1 0
go-rocketmq/pkg/store/commitlog.go:729.3,732.26 3 0
go-rocketmq/pkg/store/commitlog.go:733.8,736.17 2 0
go-rocketmq/pkg/store/commitlog.go:736.17,738.4 1 0
go-rocketmq/pkg/store/commitlog.go:741.3,742.17 2 0
go-rocketmq/pkg/store/commitlog.go:742.17,744.4 1 0
go-rocketmq/pkg/store/commitlog.go:747.3,750.26 3 0
go-rocketmq/pkg/store/consumequeue.go:38.104,39.24 1 15
go-rocketmq/pkg/store/consumequeue.go:39.24,41.3 1 15
go-rocketmq/pkg/store/consumequeue.go:43.2,55.3 3 15
go-rocketmq/pkg/store/consumequeue.go:59.39,61.2 1 0
go-rocketmq/pkg/store/consumequeue.go:64.36,66.2 1 12
go-rocketmq/pkg/store/consumequeue.go:69.96,74.60 3 16
go-rocketmq/pkg/store/consumequeue.go:74.60,76.3 1 0
go-rocketmq/pkg/store/consumequeue.go:79.2,80.22 2 16
go-rocketmq/pkg/store/consumequeue.go:80.22,84.17 3 8
go-rocketmq/pkg/store/consumequeue.go:84.17,86.4 1 0
go-rocketmq/pkg/store/consumequeue.go:90.2,97.64 6 16
go-rocketmq/pkg/store/consumequeue.go:97.64,101.17 3 0
go-rocketmq/pkg/store/consumequeue.go:101.17,103.4 1 0
go-rocketmq/pkg/store/consumequeue.go:104.3,104.27 1 0
go-rocketmq/pkg/store/consumequeue.go:108.2,109.16 2 16
go-rocketmq/pkg/store/consumequeue.go:109.16,111.3 1 0
go-rocketmq/pkg/store/consumequeue.go:113.2,113.34 1 16
go-rocketmq/pkg/store/consumequeue.go:113.34,115.3 1 0
go-rocketmq/pkg/store/consumequeue.go:118.2,121.12 3 16
go-rocketmq/pkg/store/consumequeue.go:125.85,129.36 3 11
go-rocketmq/pkg/store/consumequeue.go:129.36,131.3 1 0
go-rocketmq/pkg/store/consumequeue.go:133.2,133.34 1 11
go-rocketmq/pkg/store/consumequeue.go:133.34,135.3 1 6
go-rocketmq/pkg/store/consumequeue.go:138.2,140.22 3 5
[...]
go-rocketmq/pkg/performance/batch_processor.go:428.65,432.2 3 0
go-rocketmq/pkg/performance/batch_processor.go:435.42,439.36 3 0
go-rocketmq/pkg/performance/batch_processor.go:439.36,440.40 1 0
go-rocketmq/pkg/performance/batch_processor.go:440.40,442.4 1 0
go-rocketmq/pkg/performance/batch_processor.go:445.2,445.40 1 0
go-rocketmq/pkg/performance/batch_processor.go:445.40,446.42 1 0
go-rocketmq/pkg/performance/batch_processor.go:446.42,448.4 1 0
go-rocketmq/pkg/performance/batch_processor.go:451.2,451.12 1 0
go-rocketmq/pkg/performance/batch_processor.go:455.41,459.36 3 0
go-rocketmq/pkg/performance/batch_processor.go:459.36,460.39 1 0
go-rocketmq/pkg/performance/batch_processor.go:460.39,462.4 1 0
go-rocketmq/pkg/performance/batch_processor.go:465.2,465.40 1 0
go-rocketmq/pkg/performance/batch_processor.go:465.40,466.41 1 0
go-rocketmq/pkg/performance/batch_processor.go:466.41,468.4 1 0
go-rocketmq/pkg/performance/batch_processor.go:471.2,471.12 1 0
go-rocketmq/pkg/performance/batch_processor.go:475.65,481.39 4 0
go-rocketmq/pkg/performance/batch_processor.go:481.39,483.3 1 0
go-rocketmq/pkg/performance/batch_processor.go:485.2,485.43 1 0
go-rocketmq/pkg/performance/batch_processor.go:485.43,487.3 1 0
go-rocketmq/pkg/performance/batch_processor.go:489.2,489.16 1 0
go-rocketmq/pkg/performance/batch_processor.go:499.31,500.22 1 0
go-rocketmq/pkg/performance/batch_processor.go:500.22,502.3 1 0
go-rocketmq/pkg/performance/batch_processor.go:506.44,509.2 2 0
go-rocketmq/pkg/performance/memory_pool.go:62.34,70.42 2 10
go-rocketmq/pkg/performance/memory_pool.go:70.42,72.3 1 60
go-rocketmq/pkg/performance/memory_pool.go:74.2,74.11 1 10
go-rocketmq/pkg/performance/memory_pool.go:78.48,80.27 1 61
go-rocketmq/pkg/performance/memory_pool.go:80.27,83.4 2 116
go-rocketmq/pkg/performance/memory_pool.go:88.50,96.13 5 220018
go-rocketmq/pkg/performance/memory_pool.go:96.13,102.3 4 1
go-rocketmq/pkg/performance/memory_pool.go:104.2,109.21 4 220018
go-rocketmq/pkg/performance/memory_pool.go:109.21,111.3 1 5
go-rocketmq/pkg/performance/memory_pool.go:113.2,113.12 1 220018
go-rocketmq/pkg/performance/memory_pool.go:117.45,118.33 1 220018
go-rocketmq/pkg/performance/memory_pool.go:118.33,120.3 1 2
go-rocketmq/pkg/performance/memory_pool.go:123.2,123.21 1 220016
go-rocketmq/pkg/performance/memory_pool.go:123.21,125.3 1 226507742
go-rocketmq/pkg/performance/memory_pool.go:128.2,133.12 5 220016
go-rocketmq/pkg/performance/memory_pool.go:133.12,136.3 2 220016
go-rocketmq/pkg/performance/memory_pool.go:140.54,141.46 1 220018
go-rocketmq/pkg/performance/memory_pool.go:141.46,142.23 1 660058
go-rocketmq/pkg/performance/memory_pool.go:142.23,144.4 1 220017
go-rocketmq/pkg/performance/memory_pool.go:148.2,148.38 1 1
go-rocketmq/pkg/performance/memory_pool.go:152.112,157.27 3 2
go-rocketmq/pkg/performance/memory_pool.go:157.27,160.4 2 0
go-rocketmq/pkg/performance/memory_pool.go:165.62,170.13 4 0
go-rocketmq/pkg/performance/memory_pool.go:170.13,172.3 1 0
go-rocketmq/pkg/performance/memory_pool.go:174.2,178.12 4 0
go-rocketmq/pkg/performance/memory_pool.go:182.92,183.16 1 0
go-rocketmq/pkg/performance/memory_pool.go:183.16,185.3 1 0
go-rocketmq/pkg/performance/memory_pool.go:188.2,188.18 1 0
go-rocketmq/pkg/performance/memory_pool.go:188.18,190.3 1 0
go-rocketmq/pkg/performance/memory_pool.go:192.2,196.12 4 0
go-rocketmq/pkg/performance/memory_pool.go:196.12,199.3 2 0
go-rocketmq/pkg/performance/memory_pool.go:203.49,205.2 1 4
go-rocketmq/pkg/performance/memory_pool.go:208.53,212.2 3 220018
go-rocketmq/pkg/performance/memory_pool.go:214.55,218.2 3 220016
go-rocketmq/pkg/performance/memory_pool.go:220.53,224.2 3 0
go-rocketmq/pkg/performance/memory_pool.go:226.55,230.2 3 0
go-rocketmq/pkg/performance/memory_pool.go:232.44,236.2 3 220018
go-rocketmq/pkg/performance/memory_pool.go:238.46,242.2 3 116
go-rocketmq/pkg/performance/memory_pool.go:245.52,259.2 3 1
go-rocketmq/pkg/performance/memory_pool.go:262.43,264.16 2 1
go-rocketmq/pkg/performance/memory_pool.go:264.16,266.3 1 0
go-rocketmq/pkg/performance/memory_pool.go:267.2,267.36 1 1
go-rocketmq/pkg/performance/memory_pool.go:277.53,282.2 1 0
go-rocketmq/pkg/performance/memory_pool.go:285.42,287.2 1 0
go-rocketmq/pkg/performance/memory_pool.go:290.39,292.2 1 0
go-rocketmq/pkg/performance/memory_pool.go:295.57,296.53 1 0
go-rocketmq/pkg/performance/memory_pool.go:296.53,298.3 1 0
go-rocketmq/pkg/performance/memory_pool.go:299.2,299.28 1 0
go-rocketmq/pkg/performance/memory_pool.go:303.50,305.2 1 0
go-rocketmq/pkg/performance/memory_pool.go:313.36,316.28 1 2
go-rocketmq/pkg/performance/memory_pool.go:316.28,318.5 1 12
go-rocketmq/pkg/performance/memory_pool.go:333.39,338.2 3 110005
go-rocketmq/pkg/performance/memory_pool.go:341.42,342.16 1 110005
go-rocketmq/pkg/performance/memory_pool.go:342.16,344.3 1 110004
go-rocketmq/pkg/performance/memory_pool.go:348.27,353.25 5 110005
go-rocketmq/pkg/performance/memory_pool.go:353.25,354.31 1 109993
go-rocketmq/pkg/performance/memory_pool.go:354.31,356.4 1 0
go-rocketmq/pkg/performance/memory_pool.go:357.8,359.3 1 12
go-rocketmq/pkg/performance/memory_pool.go:370.24,371.17 1 220009
go-rocketmq/pkg/performance/memory_pool.go:371.17,377.23 3 1
go-rocketmq/pkg/performance/memory_pool.go:377.23,377.79 1 0
go-rocketmq/pkg/performance/memory_pool.go:378.26,378.52 1 0
go-rocketmq/pkg/performance/memory_pool.go:380.3,381.23 1 1
go-rocketmq/pkg/performance/memory_pool.go:381.23,381.47 1 0
go-rocketmq/pkg/performance/memory_pool.go:382.26,382.55 1 0
go-rocketmq/pkg/performance/memory_pool.go:397.31,404.2 6 0
go-rocketmq/pkg/performance/memory_pool.go:407.33,410.2 2 1
go-rocketmq/pkg/performance/memory_pool.go:413.28,416.2 2 1
go-rocketmq/pkg/performance/memory_pool.go:419.28,422.2 2 110003
go-rocketmq/pkg/performance/memory_pool.go:425.31,428.2 2 110003
go-rocketmq/pkg/performance/monitor.go:94.70,109.23 4 12
go-rocketmq/pkg/performance/monitor.go:109.23,111.3 1 1
go-rocketmq/pkg/performance/monitor.go:113.2,113.11 1 12
go-rocketmq/pkg/performance/monitor.go:117.74,123.2 4 0
go-rocketmq/pkg/performance/monitor.go:126.80,132.2 4 0
go-rocketmq/pkg/performance/monitor.go:135.86,141.2 4 0
go-rocketmq/pkg/performance/monitor.go:144.77,149.2 3 12
go-rocketmq/pkg/performance/monitor.go:152.45,156.22 3 3
go-rocketmq/pkg/performance/monitor.go:156.22,159.3 2 0
go-rocketmq/pkg/performance/monitor.go:161.2,161.12 1 3
go-rocketmq/pkg/performance/monitor.go:165.44,168.22 2 3
go-rocketmq/pkg/performance/monitor.go:168.22,172.3 3 0
go-rocketmq/pkg/performance/monitor.go:174.2,175.12 2 3
go-rocketmq/pkg/performance/monitor.go:179.48,185.6 4 3
go-rocketmq/pkg/performance/monitor.go:185.6,186.10 1 9
go-rocketmq/pkg/performance/monitor.go:187.24,188.10 1 3
go-rocketmq/pkg/performance/monitor.go:189.19,190.22 1 6
go-rocketmq/pkg/performance/monitor.go:196.47,204.39 6 12
go-rocketmq/pkg/performance/monitor.go:204.39,206.29 2 12
go-rocketmq/pkg/performance/monitor.go:206.29,208.4 1 144
go-rocketmq/pkg/performance/monitor.go:212.2,216.59 3 12
go-rocketmq/pkg/performance/monitor.go:216.59,217.38 1 12
go-rocketmq/pkg/performance/monitor.go:217.38,219.4 1 12
go-rocketmq/pkg/performance/monitor.go:222.2,222.59 1 12
go-rocketmq/pkg/performance/monitor.go:222.59,223.39 1 12
go-rocketmq/pkg/performance/monitor.go:223.39,225.4 1 12
go-rocketmq/pkg/performance/monitor.go:228.2,228.55 1 12
go-rocketmq/pkg/performance/monitor.go:228.55,229.37 1 12
go-rocketmq/pkg/performance/monitor.go:229.37,231.4 1 12
go-rocketmq/pkg/performance/monitor.go:234.2,234.54 1 12
go-rocketmq/pkg/performance/monitor.go:234.54,235.38 1 12
go-rocketmq/pkg/performance/monitor.go:235.38,237.4 1 12
go-rocketmq/pkg/performance/monitor.go:240.2,240.60 1 12
go-rocketmq/pkg/performance/monitor.go:240.60,241.38 1 12
go-rocketmq/pkg/performance/monitor.go:241.38,243.4 1 12
go-rocketmq/pkg/performance/monitor.go:246.2,246.27 1 12
go-rocketmq/pkg/performance/monitor.go:250.69,260.2 5 1
go-rocketmq/pkg/performance/monitor.go:263.49,266.82 2 0
go-rocketmq/pkg/performance/monitor.go:266.82,268.3 1 0
go-rocketmq/pkg/performance/monitor.go:272.85,276.59 3 0
go-rocketmq/pkg/performance/monitor.go:276.59,278.3 1 0
go-rocketmq/pkg/performance/monitor.go:282.84,291.58 3 0
go-rocketmq/pkg/performance/monitor.go:291.58,293.3 1 0
go-rocketmq/pkg/performance/monitor.go:297.83,309.2 9 0
go-rocketmq/pkg/performance/monitor.go:312.70,321.39 6 5
go-rocketmq/pkg/performance/monitor.go:321.39,324.3 2 5
go-rocketmq/pkg/performance/monitor.go:327.2,331.19 4 5
go-rocketmq/pkg/performance/monitor.go:335.64,339.2 3 58
go-rocketmq/pkg/performance/monitor.go:344.50,346.2 1 0
go-rocketmq/pkg/performance/monitor.go:349.69,350.27 1 0
go-rocketmq/pkg/performance/monitor.go:350.27,352.3 1 0
go-rocketmq/pkg/performance/monitor.go:354.2,357.3 2 0
go-rocketmq/pkg/performance/monitor.go:361.49,363.2 1 0
go-rocketmq/pkg/performance/monitor.go:366.68,367.29 1 0
go-rocketmq/pkg/performance/monitor.go:367.29,369.3 1 0
go-rocketmq/pkg/performance/monitor.go:371.2,373.3 1 0
go-rocketmq/pkg/performance/monitor.go:377.51,379.2 1 0
go-rocketmq/pkg/performance/monitor.go:382.70,383.27 1 0
go-rocketmq/pkg/performance/monitor.go:383.27,385.3 1 0
go-rocketmq/pkg/performance/monitor.go:387.2,389.3 1 0
go-rocketmq/pkg/performance/monitor.go:393.50,395.2 1 149
go-rocketmq/pkg/performance/monitor.go:398.69,404.25 4 17
go-rocketmq/pkg/performance/monitor.go:404.25,407.19 3 7
go-rocketmq/pkg/performance/monitor.go:407.19,409.4 1 7
go-rocketmq/pkg/performance/monitor.go:412.2,428.3 3 17
go-rocketmq/pkg/performance/monitor.go:467.65,477.2 2 0
go-rocketmq/pkg/performance/monitor.go:480.49,484.2 3 0
go-rocketmq/pkg/performance/monitor.go:487.58,491.2 3 0
go-rocketmq/pkg/performance/monitor.go:494.33,497.2 2 0
go-rocketmq/pkg/performance/monitor.go:500.32,503.2 2 0
go-rocketmq/pkg/performance/monitor.go:506.39,512.6 4 0
go-rocketmq/pkg/performance/monitor.go:512.6,513.10 1 0
go-rocketmq/pkg/performance/monitor.go:514.24,515.10 1 0
go-rocketmq/pkg/performance/monitor.go:516.19,517.22 1 0
go-rocketmq/pkg/performance/monitor.go:523.41,533.29 8 0
go-rocketmq/pkg/performance/monitor.go:533.29,534.37 1 0
go-rocketmq/pkg/performance/monitor.go:534.37,541.37 2 0
go-rocketmq/pkg/performance/monitor.go:541.37,543.5 1 0
go-rocketmq/pkg/performance/monitor.go:549.91,553.2 1 0
go-rocketmq/pkg/performance/monitor.go:559.55,565.2 2 0
go-rocketmq/pkg/performance/monitor.go:574.57,575.24 1 0
go-rocketmq/pkg/performance/monitor.go:575.24,579.30 2 0
go-rocketmq/pkg/performance/monitor.go:579.30,581.4 1 0
go-rocketmq/pkg/performance/monitor.go:582.3,582.32 1 0
go-rocketmq/pkg/performance/monitor.go:582.32,584.4 1 0
go-rocketmq/pkg/performance/monitor.go:585.3,585.36 1 0
go-rocketmq/pkg/performance/monitor.go:585.36,587.4 1 0
go-rocketmq/pkg/performance/monitor.go:589.3,589.35 1 0
go-rocketmq/pkg/performance/monitor.go:594.56,595.37 1 0
go-rocketmq/pkg/performance/monitor.go:595.37,597.3 1 0
go-rocketmq/pkg/performance/monitor.go:598.2,598.33 1 0
go-rocketmq/pkg/performance/network_optimizer.go:87.85,99.2 1 103
go-rocketmq/pkg/performance/network_optimizer.go:102.60,103.39 1 0
go-rocketmq/pkg/performance/network_optimizer.go:103.39,105.3 1 0
go-rocketmq/pkg/performance/network_optimizer.go:108.2,108.9 1 0
go-rocketmq/pkg/performance/network_optimizer.go:109.25,110.27 1 0
go-rocketmq/pkg/performance/network_optimizer.go:110.27,115.4 4 0
go-rocketmq/pkg/performance/network_optimizer.go:117.3,117.15 1 0
go-rocketmq/pkg/performance/network_optimizer.go:118.10,118.10 0 0
go-rocketmq/pkg/performance/network_optimizer.go:123.2,123.56 1 0
go-rocketmq/pkg/performance/network_optimizer.go:123.56,125.3 1 0
go-rocketmq/pkg/performance/network_optimizer.go:128.2,128.30 1 0
go-rocketmq/pkg/performance/network_optimizer.go:132.55,133.54 1 0
go-rocketmq/pkg/performance/network_optimizer.go:133.54,135.3 1 0
go-rocketmq/pkg/performance/network_optimizer.go:137.2,142.27 4 0
go-rocketmq/pkg/performance/network_optimizer.go:142.27,145.3 2 0
go-rocketmq/pkg/performance/network_optimizer.go:148.2,148.9 1 0
go-rocketmq/pkg/performance/network_optimizer.go:149.23,149.23 0 0
go-rocketmq/pkg/performance/network_optimizer.go:151.10,153.15 1 0
go-rocketmq/pkg/performance/network_optimizer.go:158.73,169.25 5 0
go-rocketmq/pkg/performance/network_optimizer.go:169.25,171.3 1 0
go-rocketmq/pkg/performance/network_optimizer.go:171.8,173.3 1 0
go-rocketmq/pkg/performance/network_optimizer.go:175.2,175.16 1 0
go-rocketmq/pkg/performance/network_optimizer.go:175.16,178.3 2 0
go-rocketmq/pkg/performance/network_optimizer.go:181.2,181.44 1 0
go-rocketmq/pkg/performance/network_optimizer.go:181.44,185.3 3 0
go-rocketmq/pkg/performance/network_optimizer.go:187.2,199.24 5 0
go-rocketmq/pkg/performance/network_optimizer.go:203.68,204.37 1 0
go-rocketmq/pkg/performance/network_optimizer.go:204.37,206.3 1 0
go-rocketmq/pkg/performance/network_optimizer.go:209.2,209.48 1 0
go-rocketmq/pkg/performance/network_optimizer.go:209.48,211.3 1 0
go-rocketmq/pkg/performance/network_optimizer.go:214.2,216.47 3 0
go-rocketmq/pkg/performance/network_optimizer.go:216.47,217.60 1 0
go-rocketmq/pkg/performance/network_optimizer.go:217.60,221.4 2 0
go-rocketmq/pkg/performance/network_optimizer.go:222.3,222.15 1 0
go-rocketmq/pkg/performance/network_optimizer.go:225.2,226.13 2 0
go-rocketmq/pkg/performance/network_optimizer.go:230.41,231.51 1 1
go-rocketmq/pkg/performance/network_optimizer.go:231.51,233.3 1 0
go-rocketmq/pkg/performance/network_optimizer.go:236.2,236.6 1 1
go-rocketmq/pkg/performance/network_optimizer.go:236.6,237.10 1 1
go-rocketmq/pkg/performance/network_optimizer.go:238.26,239.16 1 0
go-rocketmq/pkg/performance/network_optimizer.go:240.11,241.14 1 1
go-rocketmq/pkg/performance/network_optimizer.go:247.57,248.38 1 0
go-rocketmq/pkg/performance/network_optimizer.go:248.38,250.3 1 0
go-rocketmq/pkg/performance/network_optimizer.go:252.2,254.16 3 0
go-rocketmq/pkg/performance/network_optimizer.go:254.16,256.3 1 0
go-rocketmq/pkg/performance/network_optimizer.go:257.2,257.15 1 0
go-rocketmq/pkg/performance/network_optimizer.go:261.58,262.38 1 0
go-rocketmq/pkg/performance/network_optimizer.go:262.38,264.3 1 0
go-rocketmq/pkg/performance/network_optimizer.go:266.2,268.16 3 0
go-rocketmq/pkg/performance/network_optimizer.go:268.16,270.3 1 0
go-rocketmq/pkg/performance/network_optimizer.go:271.2,271.15 1 0
go-rocketmq/pkg/performance/network_optimizer.go:275.43,277.2 1 0
go-rocketmq/pkg/performance/network_optimizer.go:280.64,281.26 1 0
go-rocketmq/pkg/performance/network_optimizer.go:281.26,283.3 1 0
go-rocketmq/pkg/performance/network_optimizer.go:283.8,285.3 1 0
go-rocketmq/pkg/performance/network_optimizer.go:287.2,288.16 2 0
go-rocketmq/pkg/performance/network_optimizer.go:288.16,290.3 1 0
go-rocketmq/pkg/performance/network_optimizer.go:292.2,293.16 2 0
go-rocketmq/pkg/performance/network_optimizer.go:293.16,295.3 1 0
go-rocketmq/pkg/performance/network_optimizer.go:297.2,298.19 2 0
go-rocketmq/pkg/performance/network_optimizer.go:302.64,303.28 1 0
go-rocketmq/pkg/performance/network_optimizer.go:303.28,306.17 3 0
go-rocketmq/pkg/performance/network_optimizer.go:306.17,308.4 1 0
go-rocketmq/pkg/performance/network_optimizer.go:309.8,311.17 2 0
go-rocketmq/pkg/performance/network_optimizer.go:311.17,313.4 1 0
go-rocketmq/pkg/performance/network_optimizer.go:316.2,318.16 3 0
go-rocketmq/pkg/performance/network_optimizer.go:318.16,320.3 1 0
go-rocketmq/pkg/performance/network_optimizer.go:322.2,324.18 3 0
go-rocketmq/pkg/performance/network_optimizer.go:328.37,329.20 1 0
go-rocketmq/pkg/performance/network_optimizer.go:329.20,333.3 3 0
go-rocketmq/pkg/performance/network_optimizer.go:334.2,334.26 1 0
go-rocketmq/pkg/performance/network_optimizer.go:334.26,336.3 1 0
go-rocketmq/pkg/performance/network_optimizer.go:337.2,337.28 1 0
go-rocketmq/pkg/performance/network_optimizer.go:337.28,339.3 1 0
go-rocketmq/pkg/performance/network_optimizer.go:363.78,370.2 1 1
go-rocketmq/pkg/performance/network_optimizer.go:373.55,374.39 1 0
go-rocketmq/pkg/performance/network_optimizer.go:374.39,376.3 1 0
go-rocketmq/pkg/performance/network_optimizer.go:378.2,392.15 7 0
go-rocketmq/pkg/performance/network_optimizer.go:396.63,400.52 3 0
go-rocketmq/pkg/performance/network_optimizer.go:400.52,403.3 2 0
go-rocketmq/pkg/performance/network_optimizer.go:407.50,408.38 1 0
go-rocketmq/pkg/performance/network_optimizer.go:408.38,410.3 1 0
go-rocketmq/pkg/performance/network_optimizer.go:412.2,415.32 3 0
go-rocketmq/pkg/performance/network_optimizer.go:419.46,420.38 1 0
go-rocketmq/pkg/performance/network_optimizer.go:420.38,422.3 1 0
go-rocketmq/pkg/performance/network_optimizer.go:424.2,427.27 3 0
go-rocketmq/pkg/performance/network_optimizer.go:458.57,469.2 2 7
go-rocketmq/pkg/performance/network_optimizer.go:472.36,473.39 1 3
go-rocketmq/pkg/performance/network_optimizer.go:473.39,482.3 4 22
go-rocketmq/pkg/performance/network_optimizer.go:486.35,490.2 3 2
go-rocketmq/pkg/performance/network_optimizer.go:493.62,494.9 1 0
go-rocketmq/pkg/performance/network_optimizer.go:495.29,496.13 1 0
go-rocketmq/pkg/performance/network_optimizer.go:497.24,498.51 1 0
go-rocketmq/pkg/performance/network_optimizer.go:499.10,500.42 1 0
go-rocketmq/pkg/performance/network_optimizer.go:505.30,508.6 2 22
go-rocketmq/pkg/performance/network_optimizer.go:508.6,509.10 1 22
go-rocketmq/pkg/performance/network_optimizer.go:510.39,511.24 1 0
go-rocketmq/pkg/performance/network_optimizer.go:512.32,513.10 1 12
go-rocketmq/pkg/performance/network_optimizer.go:519.53,521.15 2 0
go-rocketmq/pkg/performance/network_optimizer.go:521.15,524.3 2 0
go-rocketmq/pkg/performance/network_optimizer.go:526.2,526.19 1 0
go-rocketmq/pkg/performance/network_optimizer.go:527.14,528.22 1 0
go-rocketmq/pkg/performance/network_optimizer.go:529.15,530.23 1 0
go-rocketmq/pkg/performance/network_optimizer.go:531.26,532.33 1 0
go-rocketmq/pkg/performance/network_optimizer.go:533.10,534.27 1 0
go-rocketmq/pkg/performance/network_optimizer.go:534.27,536.4 1 0
go-rocketmq/pkg/performance/network_optimizer.go:541.52,544.26 3 0
go-rocketmq/pkg/performance/network_optimizer.go:544.26,546.3 1 0
go-rocketmq/pkg/performance/network_optimizer.go:550.53,552.16 2 0
go-rocketmq/pkg/performance/network_optimizer.go:552.16,554.3 1 0
go-rocketmq/pkg/performance/network_optimizer.go:555.2,555.26 1 0
go-rocketmq/pkg/performance/network_optimizer.go:555.26,557.3 1 0
go-rocketmq/pkg/performance/network_optimizer.go:561.63,563.26 2 0
go-rocketmq/pkg/performance/network_optimizer.go:563.26,565.3 1 0
go-rocketmq/pkg/performance/network_optimizer.go:569.56,573.2 3 1
go-rocketmq/pkg/performance/network_optimizer.go:575.56,579.2 3 0
go-rocketmq/pkg/performance/network_optimizer.go:581.57,586.2 4 1
go-rocketmq/pkg/performance/network_optimizer.go:588.59,592.2 3 0
go-rocketmq/pkg/performance/network_optimizer.go:594.53,598.2 3 1
go-rocketmq/pkg/performance/network_optimizer.go:600.56,604.2 3 1
go-rocketmq/pkg/performance/network_optimizer.go:606.59,610.2 3 0
go-rocketmq/pkg/performance/network_optimizer.go:612.61,616.2 3 0
go-rocketmq/pkg/performance/network_optimizer.go:618.64,620.24 2 0
go-rocketmq/pkg/performance/network_optimizer.go:620.24,622.3 1 0
go-rocketmq/pkg/performance/network_optimizer.go:622.8,624.3 1 0
go-rocketmq/pkg/performance/network_optimizer.go:625.2,625.19 1 0
go-rocketmq/pkg/performance/network_optimizer.go:629.68,646.2 3 1
go-rocketmq/pkg/performance/network_optimizer.go:657.46,663.2 1 6
go-rocketmq/pkg/performance/network_optimizer.go:666.103,670.2 3 101
go-rocketmq/pkg/performance/network_optimizer.go:673.76,677.2 3 102
go-rocketmq/pkg/performance/network_optimizer.go:680.37,682.2 1 2
go-rocketmq/pkg/performance/network_optimizer.go:685.36,689.42 4 1
go-rocketmq/pkg/performance/network_optimizer.go:689.42,691.3 1 0
go-rocketmq/pkg/performance/network_optimizer.go:701.35,702.24 1 2
go-rocketmq/pkg/performance/network_optimizer.go:702.24,705.3 2 1
go-rocketmq/pkg/performance/network_optimizer.go:709.52,712.2 2 1
